[23:09:37] [ServerMain/INFO]: [bootstrap] Running Java 24 (Java HotSpot(TM) 64-Bit Server VM 24.0.2+12-54; Oracle Corporation null) on Windows 11 10.0 (amd64)
[23:09:37] [ServerMain/INFO]: [bootstrap] Loading Paper 1.21.5-114-ver/1.21.5@a1b3058 (2025-06-18T10:59:02Z) for Minecraft 1.21.5
[23:09:40] [ServerMain/INFO]: [PluginInitializerManager] Initializing plugins...
[23:09:43] [ServerMain/INFO]: [PluginInitializerManager] Initialized 15 plugins
[23:09:43] [ServerMain/INFO]: [PluginInitializerManager] Paper plugins (3):
 - HuskHomes (4.9.9), Networks (3.1.3), TradeCycle (1.5.0)
[23:09:43] [ServerMain/INFO]: [PluginInitializerManager] Bukkit plugins (12):
 - DeathChest (2.2.8), Geyser-Spigot (2.8.3-SNAPSHOT), GriefPrevention (16.18.4), LuckPerms (5.5.0), MinerTrack (1.7.5), Passky (3.3.0), PixelRank (1.2), SilkSpawners_v2 (2.3.3), SleepFixer (2.1.0), ToolStats (1.9.9), TreeFella (1.2), WorldEdit (7.3.16+cbf4bd5)
[23:09:52] [ServerMain/INFO]: Environment: Environment[sessionHost=https://sessionserver.mojang.com, servicesHost=https://api.minecraftservices.com, name=PROD]
[23:09:55] [ServerMain/INFO]: Loaded 1373 recipes
[23:09:55] [ServerMain/INFO]: Loaded 1484 advancements
[23:09:56] [Server thread/INFO]: Starting minecraft server version 1.21.5
[23:09:56] [Server thread/INFO]: Loading properties
[23:09:56] [Server thread/INFO]: This server is running Paper version 1.21.5-114-ver/1.21.5@a1b3058 (2025-06-18T10:59:02Z) (Implementing API version 1.21.5-R0.1-SNAPSHOT)
[23:09:56] [Server thread/INFO]: [spark] This server bundles the spark profiler. For more information please visit https://docs.papermc.io/paper/profiling
[23:09:57] [Server thread/INFO]: Server Ping Player Sample Count: 12
[23:09:57] [Server thread/INFO]: Using 4 threads for Netty based IO
[23:09:57] [Server thread/INFO]: [MoonriseCommon] Paper is using 2 worker threads, 1 I/O threads
[23:09:57] [Server thread/INFO]: [ChunkTaskScheduler] Chunk system is using population gen parallelism: true
[23:09:57] [Server console handler/ERROR]: [TerminalConsole] Failed to read console input
java.io.IOException: The handle is invalid
	at java.base/java.io.FileInputStream.readBytes(Native Method) ~[?:?]
	at java.base/java.io.FileInputStream.read(FileInputStream.java:294) ~[?:?]
	at java.base/java.lang.System$In.read(System.java:1849) ~[?:?]
	at java.base/java.io.BufferedInputStream.read1(BufferedInputStream.java:328) ~[?:?]
	at java.base/java.io.BufferedInputStream.read(BufferedInputStream.java:388) ~[?:?]
	at java.base/sun.nio.cs.StreamDecoder.readBytes(StreamDecoder.java:279) ~[?:?]
	at java.base/sun.nio.cs.StreamDecoder.implRead(StreamDecoder.java:322) ~[?:?]
	at java.base/sun.nio.cs.StreamDecoder.read(StreamDecoder.java:186) ~[?:?]
	at java.base/java.io.InputStreamReader.read(InputStreamReader.java:175) ~[?:?]
	at java.base/java.io.BufferedReader.fill(BufferedReader.java:166) ~[?:?]
	at java.base/java.io.BufferedReader.readLine(BufferedReader.java:333) ~[?:?]
	at java.base/java.io.BufferedReader.readLine(BufferedReader.java:400) ~[?:?]
	at net.minecrell.terminalconsole.SimpleTerminalConsole.readCommands(SimpleTerminalConsole.java:180) ~[terminalconsoleappender-1.3.0.jar:?]
	at net.minecrell.terminalconsole.SimpleTerminalConsole.start(SimpleTerminalConsole.java:143) ~[terminalconsoleappender-1.3.0.jar:?]
	at net.minecraft.server.dedicated.DedicatedServer$1.run(DedicatedServer.java:108) ~[paper-1.21.5.jar:1.21.5-114-a1b3058]
	Suppressed: java.io.IOException: The handle is invalid
		at java.base/java.io.FileDescriptor.close0(Native Method) ~[?:?]
		at java.base/java.io.FileDescriptor.close(FileDescriptor.java:304) ~[?:?]
		at java.base/java.io.FileInputStream$1.close(FileInputStream.java:520) ~[?:?]
		at java.base/java.io.FileDescriptor.closeAll(FileDescriptor.java:362) ~[?:?]
		at java.base/java.io.FileInputStream.close(FileInputStream.java:518) ~[?:?]
		at java.base/java.io.BufferedInputStream.close(BufferedInputStream.java:526) ~[?:?]
		at java.base/sun.nio.cs.StreamDecoder.implClose(StreamDecoder.java:374) ~[?:?]
		at java.base/sun.nio.cs.StreamDecoder.close(StreamDecoder.java:207) ~[?:?]
		at java.base/java.io.InputStreamReader.close(InputStreamReader.java:190) ~[?:?]
		at java.base/java.io.BufferedReader.close(BufferedReader.java:529) ~[?:?]
		at net.minecrell.terminalconsole.SimpleTerminalConsole.readCommands(SimpleTerminalConsole.java:183) ~[terminalconsoleappender-1.3.0.jar:?]
		at net.minecrell.terminalconsole.SimpleTerminalConsole.start(SimpleTerminalConsole.java:143) ~[terminalconsoleappender-1.3.0.jar:?]
		at net.minecraft.server.dedicated.DedicatedServer$1.run(DedicatedServer.java:108) ~[paper-1.21.5.jar:1.21.5-114-a1b3058]
[23:09:57] [Server thread/INFO]: Default game type: SURVIVAL
[23:09:57] [Server thread/INFO]: Generating keypair
[23:09:57] [Server thread/INFO]: Starting Minecraft server on *:25565
[23:09:58] [Server thread/INFO]: Using default channel type
[23:09:58] [Server thread/INFO]: Paper: Using Java compression from Velocity.
[23:09:58] [Server thread/INFO]: Paper: Using Java cipher from Velocity.
[23:09:58] [Server thread/INFO]: [SpigotLibraryLoader] [DeathChest] Loading 8 libraries... please wait
[23:09:59] [Server thread/INFO]: [SpigotLibraryLoader] [DeathChest] Loaded library C:\Users\viraj\OneDrive\Desktop\paper-1.21.5 original\libraries\org\apache\commons\commons-text\1.10.0\commons-text-1.10.0.jar
[23:09:59] [Server thread/INFO]: [SpigotLibraryLoader] [DeathChest] Loaded library C:\Users\viraj\OneDrive\Desktop\paper-1.21.5 original\libraries\org\apache\commons\commons-lang3\3.12.0\commons-lang3-3.12.0.jar
[23:09:59] [Server thread/INFO]: [SpigotLibraryLoader] [DeathChest] Loaded library C:\Users\viraj\OneDrive\Desktop\paper-1.21.5 original\libraries\com\google\inject\guice\7.0.0\guice-7.0.0.jar
[23:09:59] [Server thread/INFO]: [SpigotLibraryLoader] [DeathChest] Loaded library C:\Users\viraj\OneDrive\Desktop\paper-1.21.5 original\libraries\jakarta\inject\jakarta.inject-api\2.0.1\jakarta.inject-api-2.0.1.jar
[23:09:59] [Server thread/INFO]: [SpigotLibraryLoader] [DeathChest] Loaded library C:\Users\viraj\OneDrive\Desktop\paper-1.21.5 original\libraries\aopalliance\aopalliance\1.0\aopalliance-1.0.jar
[23:09:59] [Server thread/INFO]: [SpigotLibraryLoader] [DeathChest] Loaded library C:\Users\viraj\OneDrive\Desktop\paper-1.21.5 original\libraries\com\google\guava\guava\31.0.1-jre\guava-31.0.1-jre.jar
[23:09:59] [Server thread/INFO]: [SpigotLibraryLoader] [DeathChest] Loaded library C:\Users\viraj\OneDrive\Desktop\paper-1.21.5 original\libraries\com\google\guava\failureaccess\1.0.1\failureaccess-1.0.1.jar
[23:09:59] [Server thread/INFO]: [SpigotLibraryLoader] [DeathChest] Loaded library C:\Users\viraj\OneDrive\Desktop\paper-1.21.5 original\libraries\com\google\guava\listenablefuture\9999.0-empty-to-avoid-conflict-with-guava\listenablefuture-9999.0-empty-to-avoid-conflict-with-guava.jar
[23:09:59] [Server thread/INFO]: [SpigotLibraryLoader] [DeathChest] Loaded library C:\Users\viraj\OneDrive\Desktop\paper-1.21.5 original\libraries\com\google\code\findbugs\jsr305\3.0.2\jsr305-3.0.2.jar
[23:09:59] [Server thread/INFO]: [SpigotLibraryLoader] [DeathChest] Loaded library C:\Users\viraj\OneDrive\Desktop\paper-1.21.5 original\libraries\com\google\errorprone\error_prone_annotations\2.7.1\error_prone_annotations-2.7.1.jar
[23:09:59] [Server thread/INFO]: [SpigotLibraryLoader] [DeathChest] Loaded library C:\Users\viraj\OneDrive\Desktop\paper-1.21.5 original\libraries\com\google\j2objc\j2objc-annotations\1.3\j2objc-annotations-1.3.jar
[23:09:59] [Server thread/INFO]: [SpigotLibraryLoader] [DeathChest] Loaded library C:\Users\viraj\OneDrive\Desktop\paper-1.21.5 original\libraries\cloud\commandframework\cloud-core\1.7.1\cloud-core-1.7.1.jar
[23:09:59] [Server thread/INFO]: [SpigotLibraryLoader] [DeathChest] Loaded library C:\Users\viraj\OneDrive\Desktop\paper-1.21.5 original\libraries\cloud\commandframework\cloud-services\1.7.1\cloud-services-1.7.1.jar
[23:09:59] [Server thread/INFO]: [SpigotLibraryLoader] [DeathChest] Loaded library C:\Users\viraj\OneDrive\Desktop\paper-1.21.5 original\libraries\io\leangen\geantyref\geantyref\1.3.13\geantyref-1.3.13.jar
[23:09:59] [Server thread/INFO]: [SpigotLibraryLoader] [DeathChest] Loaded library C:\Users\viraj\OneDrive\Desktop\paper-1.21.5 original\libraries\org\checkerframework\checker-qual\3.22.1\checker-qual-3.22.1.jar
[23:09:59] [Server thread/INFO]: [SpigotLibraryLoader] [DeathChest] Loaded library C:\Users\viraj\OneDrive\Desktop\paper-1.21.5 original\libraries\org\apiguardian\apiguardian-api\1.1.2\apiguardian-api-1.1.2.jar
[23:09:59] [Server thread/INFO]: [SpigotLibraryLoader] [DeathChest] Loaded library C:\Users\viraj\OneDrive\Desktop\paper-1.21.5 original\libraries\cloud\commandframework\cloud-bukkit\1.7.1\cloud-bukkit-1.7.1.jar
[23:09:59] [Server thread/INFO]: [SpigotLibraryLoader] [DeathChest] Loaded library C:\Users\viraj\OneDrive\Desktop\paper-1.21.5 original\libraries\cloud\commandframework\cloud-brigadier\1.7.1\cloud-brigadier-1.7.1.jar
[23:09:59] [Server thread/INFO]: [SpigotLibraryLoader] [DeathChest] Loaded library C:\Users\viraj\OneDrive\Desktop\paper-1.21.5 original\libraries\cloud\commandframework\cloud-tasks\1.7.1\cloud-tasks-1.7.1.jar
[23:09:59] [Server thread/INFO]: [SpigotLibraryLoader] [DeathChest] Loaded library C:\Users\viraj\OneDrive\Desktop\paper-1.21.5 original\libraries\net\kyori\adventure-platform-bukkit\4.3.0\adventure-platform-bukkit-4.3.0.jar
[23:09:59] [Server thread/INFO]: [SpigotLibraryLoader] [DeathChest] Loaded library C:\Users\viraj\OneDrive\Desktop\paper-1.21.5 original\libraries\net\kyori\adventure-platform-api\4.3.0\adventure-platform-api-4.3.0.jar
[23:09:59] [Server thread/INFO]: [SpigotLibraryLoader] [DeathChest] Loaded library C:\Users\viraj\OneDrive\Desktop\paper-1.21.5 original\libraries\net\kyori\adventure-text-serializer-bungeecord\4.3.0\adventure-text-serializer-bungeecord-4.3.0.jar
[23:09:59] [Server thread/INFO]: [SpigotLibraryLoader] [DeathChest] Loaded library C:\Users\viraj\OneDrive\Desktop\paper-1.21.5 original\libraries\net\kyori\adventure-nbt\4.13.0\adventure-nbt-4.13.0.jar
[23:09:59] [Server thread/INFO]: [SpigotLibraryLoader] [DeathChest] Loaded library C:\Users\viraj\OneDrive\Desktop\paper-1.21.5 original\libraries\net\kyori\examination-api\1.3.0\examination-api-1.3.0.jar
[23:09:59] [Server thread/INFO]: [SpigotLibraryLoader] [DeathChest] Loaded library C:\Users\viraj\OneDrive\Desktop\paper-1.21.5 original\libraries\net\kyori\examination-string\1.3.0\examination-string-1.3.0.jar
[23:09:59] [Server thread/INFO]: [SpigotLibraryLoader] [DeathChest] Loaded library C:\Users\viraj\OneDrive\Desktop\paper-1.21.5 original\libraries\org\jetbrains\annotations\24.0.1\annotations-24.0.1.jar
[23:09:59] [Server thread/INFO]: [SpigotLibraryLoader] [DeathChest] Loaded library C:\Users\viraj\OneDrive\Desktop\paper-1.21.5 original\libraries\net\kyori\adventure-text-serializer-gson\4.13.0\adventure-text-serializer-gson-4.13.0.jar
[23:09:59] [Server thread/INFO]: [SpigotLibraryLoader] [DeathChest] Loaded library C:\Users\viraj\OneDrive\Desktop\paper-1.21.5 original\libraries\net\kyori\adventure-text-serializer-gson-legacy-impl\4.13.0\adventure-text-serializer-gson-legacy-impl-4.13.0.jar
[23:09:59] [Server thread/INFO]: [SpigotLibraryLoader] [DeathChest] Loaded library C:\Users\viraj\OneDrive\Desktop\paper-1.21.5 original\libraries\net\kyori\adventure-platform-facet\4.3.0\adventure-platform-facet-4.3.0.jar
[23:09:59] [Server thread/INFO]: [SpigotLibraryLoader] [DeathChest] Loaded library C:\Users\viraj\OneDrive\Desktop\paper-1.21.5 original\libraries\net\kyori\adventure-platform-viaversion\4.3.0\adventure-platform-viaversion-4.3.0.jar
[23:09:59] [Server thread/INFO]: [SpigotLibraryLoader] [DeathChest] Loaded library C:\Users\viraj\OneDrive\Desktop\paper-1.21.5 original\libraries\net\kyori\adventure-text-minimessage\4.14.0\adventure-text-minimessage-4.14.0.jar
[23:09:59] [Server thread/INFO]: [SpigotLibraryLoader] [DeathChest] Loaded library C:\Users\viraj\OneDrive\Desktop\paper-1.21.5 original\libraries\net\kyori\adventure-api\4.14.0\adventure-api-4.14.0.jar
[23:09:59] [Server thread/INFO]: [SpigotLibraryLoader] [DeathChest] Loaded library C:\Users\viraj\OneDrive\Desktop\paper-1.21.5 original\libraries\net\kyori\adventure-key\4.14.0\adventure-key-4.14.0.jar
[23:09:59] [Server thread/INFO]: [SpigotLibraryLoader] [DeathChest] Loaded library C:\Users\viraj\OneDrive\Desktop\paper-1.21.5 original\libraries\net\kyori\adventure-text-serializer-legacy\4.14.0\adventure-text-serializer-legacy-4.14.0.jar
[23:09:59] [Server thread/INFO]: [SpigotLibraryLoader] [DeathChest] Loaded library C:\Users\viraj\OneDrive\Desktop\paper-1.21.5 original\libraries\org\bstats\bstats-bukkit\3.0.2\bstats-bukkit-3.0.2.jar
[23:09:59] [Server thread/INFO]: [SpigotLibraryLoader] [DeathChest] Loaded library C:\Users\viraj\OneDrive\Desktop\paper-1.21.5 original\libraries\org\bstats\bstats-base\3.0.2\bstats-base-3.0.2.jar
[23:09:59] [Server thread/INFO]: [WorldEdit] Loading server plugin WorldEdit v7.3.16+cbf4bd5
[23:10:00] [Server thread/INFO]: Got request to register class com.sk89q.worldedit.bukkit.BukkitServerInterface with WorldEdit [com.sk89q.worldedit.extension.platform.PlatformManager@4b7ead45]
[23:10:00] [Server thread/INFO]: [LuckPerms] Loading server plugin LuckPerms v5.5.0
[23:10:01] [Server thread/INFO]: [GriefPrevention] Loading server plugin GriefPrevention v16.18.4
[23:10:01] [Server thread/INFO]: [TreeFella] Loading server plugin TreeFella v1.2
[23:10:01] [Server thread/INFO]: [TradeCycle] Loading server plugin TradeCycle v1.5.0
[23:10:01] [Server thread/INFO]: [ToolStats] Loading server plugin ToolStats v1.9.9
[23:10:01] [Server thread/INFO]: [SleepFixer] Loading server plugin SleepFixer v2.1.0
[23:10:01] [Server thread/INFO]: [SilkSpawners_v2] Loading server plugin SilkSpawners_v2 v2.3.3
[23:10:01] [Server thread/INFO]: [PixelRank] Loading server plugin PixelRank v1.2
[23:10:01] [Server thread/INFO]: [Passky] Loading server plugin Passky v3.3.0
[23:10:01] [Server thread/INFO]: [Networks] Loading server plugin Networks v3.1.3
[23:10:01] [Server thread/INFO]: [MinerTrack] Loading server plugin MinerTrack v1.7.5
[23:10:01] [Server thread/INFO]: [HuskHomes] Loading server plugin HuskHomes v4.9.9
[23:10:01] [Server thread/INFO]: [HuskHomes] Registered 'on_load' hooks
[23:10:01] [Server thread/INFO]: [HuskHomes] Successfully loaded HuskHomes v4.9.9
[23:10:01] [Server thread/INFO]: [Geyser-Spigot] Loading server plugin Geyser-Spigot v2.8.3-SNAPSHOT
[23:10:02] [Server thread/INFO]: [Geyser-Spigot] Loading extensions...
[23:10:02] [Server thread/INFO]: [Geyser-Spigot] Loaded 0 extension(s)
[23:10:02] [Server thread/INFO]: [DeathChest] Loading server plugin DeathChest v2.2.8
[23:10:02] [Server thread/INFO]: Server permissions file permissions.yml is empty, ignoring it
[23:10:02] [Server thread/INFO]: [WorldEdit] Enabling WorldEdit v7.3.16+cbf4bd5
[23:10:02] [Server thread/INFO]: Registering commands with com.sk89q.worldedit.bukkit.BukkitServerInterface
[23:10:03] [Server thread/INFO]: WEPIF: Using the Bukkit Permissions API.
[23:10:03] [Server thread/INFO]: Using com.sk89q.worldedit.bukkit.adapter.impl.v1_21_5.PaperweightAdapter as the Bukkit adapter
[23:10:06] [Server thread/INFO]: [LuckPerms] Enabling LuckPerms v5.5.0
[23:10:07] [Server thread/INFO]:         __    
[23:10:07] [Server thread/INFO]:   |    |__)   LuckPerms v5.5.0
[23:10:07] [Server thread/INFO]:   |___ |      Running on Bukkit - Paper
[23:10:07] [Server thread/INFO]: 
[23:10:07] [Server thread/INFO]: [LuckPerms] Loading configuration...
[23:10:07] [Server thread/INFO]: [LuckPerms] Loading storage provider... [H2]
[23:10:08] [Server thread/INFO]: [LuckPerms] Loading internal permission managers...
[23:10:08] [Server thread/INFO]: [LuckPerms] Performing initial data load...
[23:10:08] [Server thread/INFO]: [LuckPerms] Successfully enabled. (took 2401ms)
[23:10:08] [Server thread/INFO]: [SleepFixer] Enabling SleepFixer v2.1.0
[23:10:08] [Server thread/INFO]: [SleepFixer] Start-up complete (took 30.0ms).
[23:10:08] [Server thread/INFO]: [Networks] Enabling Networks v3.1.3
[23:10:08] [Server thread/INFO]: [Networks] Loading config files...
[23:10:08] [Server thread/INFO]: [Networks] [QC] Successfully loaded configuration file general.conf on root path networks
[23:10:08] [Server thread/INFO]: [Networks] [QC] Successfully updated config file general.conf
[23:10:08] [Server thread/INFO]: [Networks] [QC] Successfully loaded configuration file en.yml on root path networks.lang.en
[23:10:08] [Server thread/INFO]: [Networks] [QC] Successfully updated config file en.yml
[23:10:08] [Server thread/INFO]: [Networks] [QC] Successfully loaded configuration file de.yml on root path networks.lang.de
[23:10:08] [Server thread/INFO]: [Networks] [QC] Successfully updated config file de.yml
[23:10:08] [Server thread/INFO]: [Networks] [QC] Launched using language order: [en, de]
[23:10:09] [Server thread/INFO]: [Networks] [QC] Successfully loaded configuration file recipes.conf on root path networks.recipes
[23:10:09] [Server thread/INFO]: [Networks] [QC] Successfully updated config file recipes.conf
[23:10:09] [Server thread/INFO]: [Networks] Initialiased Crafting Recipes
[23:10:09] [Server thread/INFO]: [Networks] [Manuals] Successfully loaded configuration file en.yml on root path C:\Users\viraj\OneDrive\Desktop\paper-1.21.5 original\plugins\Networks\manuals\main\en.yml
[23:10:09] [Server thread/INFO]: [Networks] Loaded 1 Networks
[23:10:09] [Server thread/INFO]: [Networks] 

   _  __    __                  __          ____  ___
  / |/ /__ / /__    _____  ____/ /__ ___   |_  / <  /
 /    / -_) __/ |/|/ / _ \/ __/  '_/(_-<  _/_ <_ / / 
/_/|_/\__/\__/|__,__/\___/_/ /_/\_\/___/ /____(_)_/                                                            

[23:10:09] [Server thread/WARN]: **** SERVER IS RUNNING IN OFFLINE/INSECURE MODE!
[23:10:09] [Server thread/WARN]: The server will make no attempt to authenticate usernames. Beware.
[23:10:09] [Server thread/WARN]: While this makes the game possible to play without internet access, it also opens up the ability for hackers to connect with any username they choose.
[23:10:09] [Server thread/WARN]: To change this, set "online-mode" to "true" in the server.properties file.
[23:10:09] [Server thread/INFO]: Preparing level "world"
[23:10:11] [Server thread/INFO]: Preparing start region for dimension minecraft:overworld
[23:10:11] [Server thread/INFO]: Preparing spawn area: 0%
[23:10:12] [Server thread/INFO]: Preparing spawn area: 0%
[23:10:12] [Server thread/INFO]: Preparing spawn area: 0%
[23:10:12] [Server thread/INFO]: Time elapsed: 1370 ms
[23:10:12] [Server thread/INFO]: Preparing start region for dimension minecraft:the_nether
[23:10:12] [Server thread/INFO]: Preparing spawn area: 0%
[23:10:12] [Server thread/INFO]: Time elapsed: 340 ms
[23:10:12] [Server thread/INFO]: Preparing start region for dimension minecraft:the_end
[23:10:13] [Server thread/INFO]: Preparing spawn area: 0%
[23:10:13] [Server thread/INFO]: Time elapsed: 196 ms
[23:10:13] [Server thread/INFO]: [GriefPrevention] Enabling GriefPrevention v16.18.4
[23:10:13] [Server thread/INFO]: [GriefPrevention] Finished loading configuration.
[23:10:13] [Server thread/INFO]: [GriefPrevention] 16 total claims loaded.
[23:10:13] [Server thread/INFO]: [GriefPrevention] Customizable messages loaded.
[23:10:13] [Server thread/INFO]: [GriefPrevention] Finished loading data (File Mode).
[23:10:13] [Server thread/INFO]: [GriefPrevention] Boot finished.
[23:10:13] [Server thread/INFO]: [TreeFella] Enabling TreeFella v1.2
[23:10:13] [Server thread/INFO]: [TradeCycle] Enabling TradeCycle v1.5.0
[23:10:13] [Server thread/INFO]: [ToolStats] Enabling ToolStats v1.9.9
[23:10:14] [Server thread/INFO]: [SilkSpawners_v2] Enabling SilkSpawners_v2 v2.3.3
[23:10:14] [Server thread/INFO]: [SilkSpawners] Loading configuration...
[23:10:14] [Server thread/INFO]: [SilkSpawners] Configuration is up to date
[23:10:14] [Server thread/INFO]: [SilkSpawners] [INFO]: Starting SilkSpawners v2.3.3
[23:10:14] [Thread-12/INFO]: [SilkSpawners] [INFO]: Checking for updates
[23:10:14] [Server thread/INFO]: [SilkSpawners] [INFO]: Loading server platform
[23:10:14] [Server thread/INFO]: [SilkSpawners] [INFO]: Initialized plugin for bukkit server
[23:10:14] [Server thread/INFO]: [SilkSpawners] [INFO]: Loading Cross-Version support
[23:10:14] [Server thread/INFO]: [SilkSpawners] [INFO]: Loaded support for version 1.21.5
[23:10:14] [Server thread/INFO]: [SilkSpawners] [INFO]: Loading locale file
[23:10:14] [Server thread/INFO]: [SilkSpawners] [INFO]: Starting bStats integration
[23:10:14] [Server thread/INFO]: [SilkSpawners] [INFO]: Registering listeners
[23:10:14] [Server thread/INFO]: [SilkSpawners] [INFO]: Registering commands
[23:10:14] [Server thread/INFO]: [SilkSpawners] [INFO]: Started SilkSpawners v2.3.3
[23:10:14] [Server thread/INFO]: [PixelRank] Enabling PixelRank v1.2
[23:10:14] [Server thread/INFO]: [PixelRank] PixelRank Version 1.2. Hello!
[23:10:14] [Server thread/INFO]: [PixelRank] Loading configuration...
[23:10:14] [Server thread/INFO]: [PixelRank] Recovering data from the database..
[23:10:14] [Server thread/INFO]: [PixelRank] Registrying events and commands...
[23:10:14] [Server thread/INFO]: [PixelRank] Registrying time scheduler...
[23:10:14] [Server thread/INFO]: [PixelRank] PixelRank has been enabled!
[23:10:14] [Server thread/INFO]: [Passky] Enabling Passky v3.3.0
[23:10:14] [Server thread/INFO]: [MinerTrack] Enabling MinerTrack v1.7.5
[23:10:14] [Thread-12/INFO]: [SilkSpawners] [INFO]: The plugin is up to date (Current release v2.3.3)
[23:10:14] [Folia Async Scheduler Thread #0/INFO]: [ToolStats] You are running the latest version.
[23:10:14] [Server thread/INFO]: ----[MinerTrack v1.7.5 ]-----------
[23:10:14] [Server thread/INFO]: MinerTrack Anti-XRay Enabled!
[23:10:14] [Server thread/INFO]: 
[23:10:14] [Server thread/INFO]: Authors: Author87668
[23:10:14] [Server thread/INFO]: Original Author: Author87668
[23:10:14] [Server thread/INFO]: Contributors: Author87668, Zhang12334
[23:10:14] [Server thread/INFO]: 
[23:10:14] [Server thread/INFO]: Thanks for your use!
[23:10:14] [Server thread/INFO]: -----------------------------------------
[23:10:14] [Server thread/INFO]: [HuskHomes] Enabling HuskHomes v4.9.9
[23:10:14] [Server thread/INFO]: [HuskHomes] Registered 'on_enable' hooks
[23:10:14] [Server thread/INFO]: [HuskHomes] Successfully enabled HuskHomes v4.9.9
[23:10:15] [Server thread/INFO]: [Geyser-Spigot] Enabling Geyser-Spigot v2.8.3-SNAPSHOT
[23:10:17] [Server thread/INFO]: [DeathChest] Enabling DeathChest v2.2.8
[23:10:17] [Server thread/INFO]: [DeathChest] 0 death chests loaded in world "world"
[23:10:17] [Server thread/INFO]: [DeathChest]   Of these 0 have expired
[23:10:17] [Server thread/INFO]: [DeathChest] 0 death chests loaded in world "world_nether"
[23:10:17] [Server thread/INFO]: [DeathChest]   Of these 0 have expired
[23:10:17] [Server thread/INFO]: [DeathChest] 0 death chests loaded in world "world_the_end"
[23:10:17] [Server thread/INFO]: [DeathChest]   Of these 0 have expired
[23:10:18] [Server thread/INFO]: [spark] Starting background profiler...
[23:10:18] [Server thread/INFO]: [spark] The async-profiler engine is not supported for your os/arch (windows11/amd64), so the built-in Java engine will be used instead.
[23:10:18] [Server thread/INFO]: [MinerTrack] Server has finished loading. Checking for updates...
[23:10:18] [Server thread/INFO]: [MinerTrack] You are using the latest version.
[23:10:18] [Server thread/INFO]: [Geyser-Spigot] ******************************************
[23:10:18] [Server thread/INFO]: [Geyser-Spigot] 
[23:10:18] [Server thread/INFO]: [Geyser-Spigot] Loading Geyser version 2.8.3-b915 (git-master-8e295a9)
[23:10:18] [Server thread/INFO]: [Geyser-Spigot] 
[23:10:18] [Server thread/INFO]: [Geyser-Spigot] ******************************************
[23:10:23] [Server thread/INFO]: [Geyser-Spigot] Started Geyser on UDP port 19132
[23:10:23] [Server thread/INFO]: [Geyser-Spigot] Done (4.717s)! Run /geyser help for help!
[23:10:23] [Server thread/WARN]: [Geyser-Spigot] Your server software does not support the Java version that Geyser requires (1.21.7, 1.21.8). Please install ViaVersion (https://ci.viaversion.com/job/ViaVersion/) or update your server software!
[23:10:23] [Server thread/INFO]: Done preparing level "world" (14.045s)
[23:10:23] [Server thread/INFO]: Running delayed init tasks
[23:10:23] [Server thread/INFO]: Done (47.591s)! For help, type "help"
[23:10:24] [Craft Scheduler Thread - 3 - Passky/INFO]: 

[]============[Enabling Passky]============[]
|
| Information:
|
|   Name: Passky
|   Developer: Black1_TV
|   Version: 3.3.0
|   Website: https://rabbit-company.com
|
| Sponsors:
|
|   - https://rabbitserverlist.com
|
| Support:
|
|   Discord: ziga.zajc007
|   Mail: ziga.zajc007@gmail.com
|   Discord: https://discord.gg/hUNymXX
|
[]=========================================[]

[23:10:28] [Craft Scheduler Thread - 0 - HuskHomes/INFO]: [HuskHomes] Registered 'after_load' hooks
