[10:23:05] [ServerMain/INFO]: [bootstrap] Running Java 21 (OpenJDK 64-Bit Server VM 21.0.9+10-Ubuntu-124.04; Ubuntu null) on Linux 6.14.0-37-generic (amd64)
[10:23:05] [ServerMain/INFO]: [bootstrap] Loading Paper 1.21.5-114-ver/1.21.5@a1b3058 (2025-06-18T10:59:02Z) for Minecraft 1.21.5
[10:23:05] [ServerMain/INFO]: [PluginInitializerManager] Initializing plugins...
[10:23:08] [ServerMain/INFO]: [PluginInitializerManager] Initialized 17 plugins
[10:23:08] [ServerMain/INFO]: [PluginInitializerManager] Paper plugins (3):
 - HuskHomes (4.9.9), Networks (3.1.3), TradeCycle (1.5.0)
[10:23:08] [ServerMain/INFO]: [PluginInitializerManager] Bukkit plugins (14):
 - CoreProtect (23.1), DeathChest (2.2.9), Geyser-Spigot (2.8.3-SNAPSHOT), GriefPrevention (16.18.4), LuckPerms (5.5.0), MinerTrack (1.7.5), Passky (3.3.0), PixelRank (1.2), SilkSpawners_v2 (2.3.3), SleepFixer (2.1.0), ToolStats (1.9.9), TreeFella (1.2), WorldEdit (7.3.16+cbf4bd5), floodgate (2.2.5-SNAPSHOT (b126-096c605))
[10:23:13] [ServerMain/INFO]: Environment: Environment[sessionHost=https://sessionserver.mojang.com, servicesHost=https://api.minecraftservices.com, name=PROD]
[10:23:16] [ServerMain/INFO]: Loaded 1373 recipes
[10:23:16] [ServerMain/INFO]: Loaded 1484 advancements
[10:23:16] [Server thread/INFO]: Starting minecraft server version 1.21.5
[10:23:16] [Server thread/INFO]: Loading properties
[10:23:16] [Server thread/INFO]: This server is running Paper version 1.21.5-114-ver/1.21.5@a1b3058 (2025-06-18T10:59:02Z) (Implementing API version 1.21.5-R0.1-SNAPSHOT)
[10:23:17] [Server thread/INFO]: [spark] This server bundles the spark profiler. For more information please visit https://docs.papermc.io/paper/profiling
[10:23:17] [Server thread/INFO]: Server Ping Player Sample Count: 12
[10:23:17] [Server thread/INFO]: Using 4 threads for Netty based IO
[10:23:17] [Server thread/INFO]: [MoonriseCommon] Paper is using 2 worker threads, 1 I/O threads
[10:23:17] [Server thread/INFO]: [ChunkTaskScheduler] Chunk system is using population gen parallelism: true
[10:23:17] [Server thread/INFO]: Default game type: SURVIVAL
[10:23:17] [Server thread/INFO]: Generating keypair
[10:23:17] [Server thread/INFO]: Starting Minecraft server on *:25565
[10:23:17] [Server thread/INFO]: Using epoll channel type
[10:23:17] [Server thread/INFO]: Paper: Using libdeflate (Linux x86_64) compression from Velocity.
[10:23:17] [Server thread/INFO]: Paper: Using OpenSSL 3.x.x (Linux x86_64) cipher from Velocity.
[10:23:18] [Server thread/INFO]: [SpigotLibraryLoader] [DeathChest] Loading 8 libraries... please wait
[10:23:18] [Server thread/INFO]: [SpigotLibraryLoader] [DeathChest] Loaded library /home/zappy/Desktop/paper-1.21.5 original/libraries/org/apache/commons/commons-text/1.10.0/commons-text-1.10.0.jar
[10:23:18] [Server thread/INFO]: [SpigotLibraryLoader] [DeathChest] Loaded library /home/zappy/Desktop/paper-1.21.5 original/libraries/org/apache/commons/commons-lang3/3.12.0/commons-lang3-3.12.0.jar
[10:23:18] [Server thread/INFO]: [SpigotLibraryLoader] [DeathChest] Loaded library /home/zappy/Desktop/paper-1.21.5 original/libraries/com/google/inject/guice/7.0.0/guice-7.0.0.jar
[10:23:18] [Server thread/INFO]: [SpigotLibraryLoader] [DeathChest] Loaded library /home/zappy/Desktop/paper-1.21.5 original/libraries/jakarta/inject/jakarta.inject-api/2.0.1/jakarta.inject-api-2.0.1.jar
[10:23:18] [Server thread/INFO]: [SpigotLibraryLoader] [DeathChest] Loaded library /home/zappy/Desktop/paper-1.21.5 original/libraries/aopalliance/aopalliance/1.0/aopalliance-1.0.jar
[10:23:18] [Server thread/INFO]: [SpigotLibraryLoader] [DeathChest] Loaded library /home/zappy/Desktop/paper-1.21.5 original/libraries/com/google/guava/guava/31.0.1-jre/guava-31.0.1-jre.jar
[10:23:18] [Server thread/INFO]: [SpigotLibraryLoader] [DeathChest] Loaded library /home/zappy/Desktop/paper-1.21.5 original/libraries/com/google/guava/failureaccess/1.0.1/failureaccess-1.0.1.jar
[10:23:18] [Server thread/INFO]: [SpigotLibraryLoader] [DeathChest] Loaded library /home/zappy/Desktop/paper-1.21.5 original/libraries/com/google/guava/listenablefuture/9999.0-empty-to-avoid-conflict-with-guava/listenablefuture-9999.0-empty-to-avoid-conflict-with-guava.jar
[10:23:18] [Server thread/INFO]: [SpigotLibraryLoader] [DeathChest] Loaded library /home/zappy/Desktop/paper-1.21.5 original/libraries/com/google/code/findbugs/jsr305/3.0.2/jsr305-3.0.2.jar
[10:23:18] [Server thread/INFO]: [SpigotLibraryLoader] [DeathChest] Loaded library /home/zappy/Desktop/paper-1.21.5 original/libraries/com/google/errorprone/error_prone_annotations/2.7.1/error_prone_annotations-2.7.1.jar
[10:23:18] [Server thread/INFO]: [SpigotLibraryLoader] [DeathChest] Loaded library /home/zappy/Desktop/paper-1.21.5 original/libraries/com/google/j2objc/j2objc-annotations/1.3/j2objc-annotations-1.3.jar
[10:23:18] [Server thread/INFO]: [SpigotLibraryLoader] [DeathChest] Loaded library /home/zappy/Desktop/paper-1.21.5 original/libraries/cloud/commandframework/cloud-core/1.7.1/cloud-core-1.7.1.jar
[10:23:18] [Server thread/INFO]: [SpigotLibraryLoader] [DeathChest] Loaded library /home/zappy/Desktop/paper-1.21.5 original/libraries/cloud/commandframework/cloud-services/1.7.1/cloud-services-1.7.1.jar
[10:23:18] [Server thread/INFO]: [SpigotLibraryLoader] [DeathChest] Loaded library /home/zappy/Desktop/paper-1.21.5 original/libraries/io/leangen/geantyref/geantyref/1.3.13/geantyref-1.3.13.jar
[10:23:18] [Server thread/INFO]: [SpigotLibraryLoader] [DeathChest] Loaded library /home/zappy/Desktop/paper-1.21.5 original/libraries/org/checkerframework/checker-qual/3.22.1/checker-qual-3.22.1.jar
[10:23:18] [Server thread/INFO]: [SpigotLibraryLoader] [DeathChest] Loaded library /home/zappy/Desktop/paper-1.21.5 original/libraries/org/apiguardian/apiguardian-api/1.1.2/apiguardian-api-1.1.2.jar
[10:23:18] [Server thread/INFO]: [SpigotLibraryLoader] [DeathChest] Loaded library /home/zappy/Desktop/paper-1.21.5 original/libraries/cloud/commandframework/cloud-bukkit/1.7.1/cloud-bukkit-1.7.1.jar
[10:23:18] [Server thread/INFO]: [SpigotLibraryLoader] [DeathChest] Loaded library /home/zappy/Desktop/paper-1.21.5 original/libraries/cloud/commandframework/cloud-brigadier/1.7.1/cloud-brigadier-1.7.1.jar
[10:23:18] [Server thread/INFO]: [SpigotLibraryLoader] [DeathChest] Loaded library /home/zappy/Desktop/paper-1.21.5 original/libraries/cloud/commandframework/cloud-tasks/1.7.1/cloud-tasks-1.7.1.jar
[10:23:18] [Server thread/INFO]: [SpigotLibraryLoader] [DeathChest] Loaded library /home/zappy/Desktop/paper-1.21.5 original/libraries/net/kyori/adventure-platform-bukkit/4.3.0/adventure-platform-bukkit-4.3.0.jar
[10:23:18] [Server thread/INFO]: [SpigotLibraryLoader] [DeathChest] Loaded library /home/zappy/Desktop/paper-1.21.5 original/libraries/net/kyori/adventure-platform-api/4.3.0/adventure-platform-api-4.3.0.jar
[10:23:18] [Server thread/INFO]: [SpigotLibraryLoader] [DeathChest] Loaded library /home/zappy/Desktop/paper-1.21.5 original/libraries/net/kyori/adventure-text-serializer-bungeecord/4.3.0/adventure-text-serializer-bungeecord-4.3.0.jar
[10:23:18] [Server thread/INFO]: [SpigotLibraryLoader] [DeathChest] Loaded library /home/zappy/Desktop/paper-1.21.5 original/libraries/net/kyori/adventure-nbt/4.13.0/adventure-nbt-4.13.0.jar
[10:23:18] [Server thread/INFO]: [SpigotLibraryLoader] [DeathChest] Loaded library /home/zappy/Desktop/paper-1.21.5 original/libraries/net/kyori/examination-api/1.3.0/examination-api-1.3.0.jar
[10:23:18] [Server thread/INFO]: [SpigotLibraryLoader] [DeathChest] Loaded library /home/zappy/Desktop/paper-1.21.5 original/libraries/net/kyori/examination-string/1.3.0/examination-string-1.3.0.jar
[10:23:18] [Server thread/INFO]: [SpigotLibraryLoader] [DeathChest] Loaded library /home/zappy/Desktop/paper-1.21.5 original/libraries/org/jetbrains/annotations/24.0.1/annotations-24.0.1.jar
[10:23:18] [Server thread/INFO]: [SpigotLibraryLoader] [DeathChest] Loaded library /home/zappy/Desktop/paper-1.21.5 original/libraries/net/kyori/adventure-text-serializer-gson/4.13.0/adventure-text-serializer-gson-4.13.0.jar
[10:23:18] [Server thread/INFO]: [SpigotLibraryLoader] [DeathChest] Loaded library /home/zappy/Desktop/paper-1.21.5 original/libraries/net/kyori/adventure-text-serializer-gson-legacy-impl/4.13.0/adventure-text-serializer-gson-legacy-impl-4.13.0.jar
[10:23:18] [Server thread/INFO]: [SpigotLibraryLoader] [DeathChest] Loaded library /home/zappy/Desktop/paper-1.21.5 original/libraries/net/kyori/adventure-platform-facet/4.3.0/adventure-platform-facet-4.3.0.jar
[10:23:18] [Server thread/INFO]: [SpigotLibraryLoader] [DeathChest] Loaded library /home/zappy/Desktop/paper-1.21.5 original/libraries/net/kyori/adventure-platform-viaversion/4.3.0/adventure-platform-viaversion-4.3.0.jar
[10:23:18] [Server thread/INFO]: [SpigotLibraryLoader] [DeathChest] Loaded library /home/zappy/Desktop/paper-1.21.5 original/libraries/net/kyori/adventure-text-minimessage/4.14.0/adventure-text-minimessage-4.14.0.jar
[10:23:18] [Server thread/INFO]: [SpigotLibraryLoader] [DeathChest] Loaded library /home/zappy/Desktop/paper-1.21.5 original/libraries/net/kyori/adventure-api/4.14.0/adventure-api-4.14.0.jar
[10:23:18] [Server thread/INFO]: [SpigotLibraryLoader] [DeathChest] Loaded library /home/zappy/Desktop/paper-1.21.5 original/libraries/net/kyori/adventure-key/4.14.0/adventure-key-4.14.0.jar
[10:23:18] [Server thread/INFO]: [SpigotLibraryLoader] [DeathChest] Loaded library /home/zappy/Desktop/paper-1.21.5 original/libraries/net/kyori/adventure-text-serializer-legacy/4.14.0/adventure-text-serializer-legacy-4.14.0.jar
[10:23:18] [Server thread/INFO]: [SpigotLibraryLoader] [DeathChest] Loaded library /home/zappy/Desktop/paper-1.21.5 original/libraries/org/bstats/bstats-bukkit/3.0.2/bstats-bukkit-3.0.2.jar
[10:23:18] [Server thread/INFO]: [SpigotLibraryLoader] [DeathChest] Loaded library /home/zappy/Desktop/paper-1.21.5 original/libraries/org/bstats/bstats-base/3.0.2/bstats-base-3.0.2.jar
[10:23:18] [Server thread/INFO]: [WorldEdit] Loading server plugin WorldEdit v7.3.16+cbf4bd5
[10:23:19] [Server thread/INFO]: Got request to register class com.sk89q.worldedit.bukkit.BukkitServerInterface with WorldEdit [com.sk89q.worldedit.extension.platform.PlatformManager@2487917]
[10:23:19] [Server thread/INFO]: [floodgate] Loading server plugin floodgate v2.2.5-SNAPSHOT (b126-096c605)
[10:23:20] [Server thread/INFO]: [floodgate] Took 897ms to boot Floodgate
[10:23:20] [Server thread/INFO]: [GriefPrevention] Loading server plugin GriefPrevention v16.18.4
[10:23:20] [Server thread/INFO]: [LuckPerms] Loading server plugin LuckPerms v5.5.0
[10:23:20] [Server thread/INFO]: [MinerTrack] Loading server plugin MinerTrack v1.7.5
[10:23:20] [Server thread/INFO]: [PixelRank] Loading server plugin PixelRank v1.2
[10:23:20] [Server thread/INFO]: [SilkSpawners_v2] Loading server plugin SilkSpawners_v2 v2.3.3
[10:23:20] [Server thread/INFO]: [Geyser-Spigot] Loading server plugin Geyser-Spigot v2.8.3-SNAPSHOT
[10:23:21] [Server thread/INFO]: [Geyser-Spigot] Loading extensions...
[10:23:21] [Server thread/INFO]: [Geyser-Spigot] Loaded 0 extension(s)
[10:23:21] [Server thread/INFO]: [DeathChest] Loading server plugin DeathChest v2.2.9
[10:23:21] [Server thread/INFO]: [CoreProtect] Loading server plugin CoreProtect v23.1
[10:23:21] [Server thread/INFO]: [ToolStats] Loading server plugin ToolStats v1.9.9
[10:23:21] [Server thread/INFO]: [TradeCycle] Loading server plugin TradeCycle v1.5.0
[10:23:21] [Server thread/INFO]: [Networks] Loading server plugin Networks v3.1.3
[10:23:21] [Server thread/INFO]: [Passky] Loading server plugin Passky v3.3.0
[10:23:21] [Server thread/INFO]: [TreeFella] Loading server plugin TreeFella v1.2
[10:23:21] [Server thread/INFO]: [HuskHomes] Loading server plugin HuskHomes v4.9.9
[10:23:21] [Server thread/INFO]: [HuskHomes] Registered 'on_load' hooks
[10:23:21] [Server thread/INFO]: [HuskHomes] Successfully loaded HuskHomes v4.9.9
[10:23:21] [Server thread/INFO]: [SleepFixer] Loading server plugin SleepFixer v2.1.0
[10:23:21] [Server thread/INFO]: Server permissions file permissions.yml is empty, ignoring it
[10:23:21] [Server thread/INFO]: [WorldEdit] Enabling WorldEdit v7.3.16+cbf4bd5
[10:23:21] [Server thread/INFO]: Registering commands with com.sk89q.worldedit.bukkit.BukkitServerInterface
[10:23:22] [Server thread/INFO]: WEPIF: Using the Bukkit Permissions API.
[10:23:22] [Server thread/INFO]: Using com.sk89q.worldedit.bukkit.adapter.impl.v1_21_5.PaperweightAdapter as the Bukkit adapter
[10:23:24] [Server thread/INFO]: [LuckPerms] Enabling LuckPerms v5.5.0
[10:23:24] [Server thread/INFO]:         __    
[10:23:24] [Server thread/INFO]:   |    |__)   LuckPerms v5.5.0
[10:23:24] [Server thread/INFO]:   |___ |      Running on Bukkit - Paper
[10:23:24] [Server thread/INFO]: 
[10:23:24] [Server thread/INFO]: [LuckPerms] Loading configuration...
[10:23:25] [Server thread/INFO]: [LuckPerms] Loading storage provider... [H2]
[10:23:25] [Server thread/INFO]: [LuckPerms] Loading internal permission managers...
[10:23:25] [Server thread/INFO]: [LuckPerms] Performing initial data load...
[10:23:25] [Server thread/INFO]: [LuckPerms] Successfully enabled. (took 1664ms)
[10:23:25] [Server thread/INFO]: [Networks] Enabling Networks v3.1.3
[10:23:25] [Server thread/INFO]: [Networks] Loading config files...
[10:23:25] [Server thread/INFO]: [Networks] [QC] Successfully loaded configuration file general.conf on root path networks
[10:23:25] [Server thread/INFO]: [Networks] [QC] Successfully updated config file general.conf
[10:23:25] [Server thread/INFO]: [Networks] [QC] Successfully loaded configuration file en.yml on root path networks.lang.en
[10:23:25] [Server thread/INFO]: [Networks] [QC] Successfully updated config file en.yml
[10:23:25] [Server thread/INFO]: [Networks] [QC] Successfully loaded configuration file de.yml on root path networks.lang.de
[10:23:25] [Server thread/INFO]: [Networks] [QC] Successfully updated config file de.yml
[10:23:25] [Server thread/INFO]: [Networks] [QC] Launched using language order: [en, de]
[10:23:26] [Server thread/INFO]: [Networks] [QC] Successfully loaded configuration file recipes.conf on root path networks.recipes
[10:23:26] [Server thread/INFO]: [Networks] [QC] Successfully updated config file recipes.conf
[10:23:26] [Server thread/INFO]: [Networks] Initialiased Crafting Recipes
[10:23:26] [Server thread/INFO]: [Networks] [Manuals] Successfully loaded configuration file en.yml on root path /home/zappy/Desktop/paper-1.21.5 original/plugins/Networks/manuals/main/en.yml
[10:23:26] [Server thread/INFO]: [Networks] Loaded 1 Networks
[10:23:26] [Server thread/INFO]: [Networks] 

   _  __    __                  __          ____  ___
  / |/ /__ / /__    _____  ____/ /__ ___   |_  / <  /
 /    / -_) __/ |/|/ / _ \/ __/  '_/(_-<  _/_ <_ / / 
/_/|_/\__/\__/|__,__/\___/_/ /_/\_\/___/ /____(_)_/                                                            

[10:23:26] [Server thread/INFO]: [SleepFixer] Enabling SleepFixer v2.1.0
[10:23:26] [Server thread/INFO]: [SleepFixer] Start-up complete (took 14.0ms).
[10:23:26] [Server thread/WARN]: **** SERVER IS RUNNING IN OFFLINE/INSECURE MODE!
[10:23:26] [Server thread/WARN]: The server will make no attempt to authenticate usernames. Beware.
[10:23:26] [Server thread/WARN]: While this makes the game possible to play without internet access, it also opens up the ability for hackers to connect with any username they choose.
[10:23:26] [Server thread/WARN]: To change this, set "online-mode" to "true" in the server.properties file.
[10:23:26] [Server thread/INFO]: Preparing level "world"
[10:23:27] [Server thread/INFO]: Preparing start region for dimension minecraft:overworld
[10:23:27] [Server thread/INFO]: Preparing spawn area: 0%
[10:23:27] [Server thread/INFO]: Preparing spawn area: 0%
[10:23:27] [Server thread/INFO]: Time elapsed: 669 ms
[10:23:27] [Server thread/INFO]: Preparing start region for dimension minecraft:the_nether
[10:23:27] [Server thread/INFO]: Preparing spawn area: 0%
[10:23:28] [Server thread/INFO]: Time elapsed: 243 ms
[10:23:28] [Server thread/INFO]: Preparing start region for dimension minecraft:the_end
[10:23:28] [Server thread/INFO]: Preparing spawn area: 0%
[10:23:28] [Server thread/INFO]: Time elapsed: 89 ms
[10:23:28] [Server thread/INFO]: [floodgate] Enabling floodgate v2.2.5-SNAPSHOT (b126-096c605)
[10:23:28] [Server thread/INFO]: [GriefPrevention] Enabling GriefPrevention v16.18.4
[10:23:28] [Server thread/INFO]: [GriefPrevention] Finished loading configuration.
[10:23:28] [Server thread/INFO]: [GriefPrevention] 6 total claims loaded.
[10:23:28] [Server thread/INFO]: [GriefPrevention] Customizable messages loaded.
[10:23:28] [Server thread/INFO]: [GriefPrevention] Finished loading data (File Mode).
[10:23:29] [Server thread/INFO]: [GriefPrevention] Boot finished.
[10:23:29] [Server thread/INFO]: [MinerTrack] Enabling MinerTrack v1.7.5
[10:23:29] [Server thread/WARN]: [MinerTrack] Failed to check for updates: https://api.spigotmc.org/simple/0.2/index.php?action=getResource&id=120562
[10:23:29] [Server thread/INFO]: [MinerTrack] Failed to check for updates.
[10:23:29] [Server thread/INFO]: ----[MinerTrack v1.7.5 ]-----------
[10:23:29] [Server thread/INFO]: MinerTrack Anti-XRay Enabled!
[10:23:29] [Server thread/INFO]: 
[10:23:29] [Server thread/INFO]: Authors: Author87668
[10:23:29] [Server thread/INFO]: Original Author: Author87668
[10:23:29] [Server thread/INFO]: Contributors: Author87668, Zhang12334
[10:23:29] [Server thread/INFO]: 
[10:23:29] [Server thread/INFO]: Thanks for your use!
[10:23:29] [Server thread/INFO]: -----------------------------------------
[10:23:29] [Server thread/INFO]: [PixelRank] Enabling PixelRank v1.2
[10:23:29] [Server thread/INFO]: [PixelRank] PixelRank Version 1.2. Hello!
[10:23:29] [Server thread/INFO]: [PixelRank] Loading configuration...
[10:23:29] [Server thread/INFO]: [PixelRank] Recovering data from the database..
[10:23:30] [Server thread/INFO]: [PixelRank] Registrying events and commands...
[10:23:30] [Server thread/INFO]: [PixelRank] Registrying time scheduler...
[10:23:30] [Server thread/INFO]: [PixelRank] PixelRank has been enabled!
[10:23:30] [Server thread/INFO]: [SilkSpawners_v2] Enabling SilkSpawners_v2 v2.3.3
[10:23:30] [Server thread/INFO]: [SilkSpawners] Loading configuration...
[10:23:30] [Server thread/INFO]: [SilkSpawners] Configuration is up to date
[10:23:30] [Server thread/INFO]: [SilkSpawners] [INFO]: Starting SilkSpawners v2.3.3
[10:23:30] [Thread-13/INFO]: [SilkSpawners] [INFO]: Checking for updates
[10:23:30] [Server thread/INFO]: [SilkSpawners] [INFO]: Loading server platform
[10:23:30] [Server thread/INFO]: [SilkSpawners] [INFO]: Initialized plugin for bukkit server
[10:23:30] [Server thread/INFO]: [SilkSpawners] [INFO]: Loading Cross-Version support
[10:23:30] [Server thread/INFO]: [SilkSpawners] [INFO]: Loaded support for version 1.21.5
[10:23:30] [Server thread/INFO]: [SilkSpawners] [INFO]: Loading locale file
[10:23:30] [Server thread/INFO]: [SilkSpawners] [INFO]: Starting bStats integration
[10:23:30] [Server thread/INFO]: [SilkSpawners] [INFO]: Registering listeners
[10:23:30] [Server thread/INFO]: [SilkSpawners] [INFO]: Registering commands
[10:23:30] [Server thread/INFO]: [SilkSpawners] [INFO]: Started SilkSpawners v2.3.3
[10:23:30] [Server thread/INFO]: [Geyser-Spigot] Enabling Geyser-Spigot v2.8.3-SNAPSHOT
[10:23:30] [Thread-13/INFO]: [SilkSpawners] [ERROR]: Error getting latest version
[10:23:31] [Server thread/INFO]: [DeathChest] Enabling DeathChest v2.2.9
[10:23:31] [Server thread/INFO]: [DeathChest] 0 death chests loaded in world "world"
[10:23:31] [Server thread/INFO]: [DeathChest]   Of these 0 have expired
[10:23:31] [Server thread/INFO]: [DeathChest] 0 death chests loaded in world "world_nether"
[10:23:31] [Server thread/INFO]: [DeathChest]   Of these 0 have expired
[10:23:31] [Server thread/INFO]: [DeathChest] 0 death chests loaded in world "world_the_end"
[10:23:31] [Server thread/INFO]: [DeathChest]   Of these 0 have expired
[10:23:31] [Server thread/INFO]: [CoreProtect] Enabling CoreProtect v23.1
[10:23:31] [Server thread/INFO]: [CoreProtect] CoreProtect Community Edition has been successfully enabled! 
[10:23:31] [Server thread/INFO]: [CoreProtect] Using SQLite for data storage.
[10:23:31] [Server thread/INFO]: --------------------
[10:23:31] [Server thread/INFO]: [CoreProtect] Enjoy CoreProtect? Join our Discord!
[10:23:31] [Server thread/INFO]: [CoreProtect] Discord: www.coreprotect.net/discord/
[10:23:31] [Server thread/INFO]: --------------------
[10:23:31] [Server thread/INFO]: [ToolStats] Enabling ToolStats v1.9.9
[10:23:31] [Server thread/INFO]: [TradeCycle] Enabling TradeCycle v1.5.0
[10:23:31] [Server thread/INFO]: [Passky] Enabling Passky v3.3.0
[10:23:31] [Server thread/INFO]: [TreeFella] Enabling TreeFella v1.2
[10:23:31] [Server thread/INFO]: [HuskHomes] Enabling HuskHomes v4.9.9
[10:23:31] [Server thread/INFO]: [HuskHomes] Registered 'on_enable' hooks
[10:23:31] [Server thread/INFO]: [HuskHomes] Successfully enabled HuskHomes v4.9.9
[10:23:32] [Server thread/INFO]: [spark] Starting background profiler...
[10:23:32] [Server thread/INFO]: [MinerTrack] Server has finished loading. Checking for updates...
[10:23:32] [Server thread/WARN]: [MinerTrack] Failed to check for updates: https://api.spigotmc.org/simple/0.2/index.php?action=getResource&id=120562
[10:23:32] [Server thread/INFO]: [MinerTrack] Failed to check for updates.
[10:23:32] [Server thread/INFO]: [Geyser-Spigot] ******************************************
[10:23:32] [Server thread/INFO]: [Geyser-Spigot] 
[10:23:32] [Server thread/INFO]: [Geyser-Spigot] Loading Geyser version 2.8.3-b915 (git-master-8e295a9)
[10:23:32] [Server thread/INFO]: [Geyser-Spigot] 
[10:23:32] [Server thread/INFO]: [Geyser-Spigot] ******************************************
[10:23:32] [ForkJoinPool.commonPool-worker-1/WARN]: [HuskHomes] A new version of HuskHomes is available: v4.9.10 (running v4.9.9)
[10:23:35] [GeyserServer-3-1/INFO]: [Geyser-Spigot] Started Geyser on UDP port 19132
[10:23:35] [Server thread/INFO]: [Geyser-Spigot] Done (3.032s)! Run /geyser help for help!
[10:23:35] [Server thread/WARN]: [Geyser-Spigot] Your server software does not support the Java version that Geyser requires (1.21.7, 1.21.8). Please install ViaVersion (https://ci.viaversion.com/job/ViaVersion/) or update your server software!
[10:23:35] [ForkJoinPool.commonPool-worker-7/INFO]: [Geyser-Spigot] There's a new Geyser update available to support Bedrock version 1.21.131. Download it here: https://geysermc.org/download
[10:23:35] [Server thread/INFO]: Done preparing level "world" (9.324s)
[10:23:35] [Server thread/INFO]: Running delayed init tasks
[10:23:35] [Server thread/INFO]: [CoreProtect] WorldEdit logging successfully initialized.
[10:23:35] [Server thread/INFO]: Done (31.952s)! For help, type "help"
[10:23:36] [Craft Scheduler Thread - 1 - Passky/INFO]: 

[]============[Enabling Passky]============[]
|
| Information:
|
|   Name: Passky
|   Developer: Black1_TV
|   Version: 3.3.0
|   Website: https://rabbit-company.com
|
| Sponsors:
|
|   - https://rabbitserverlist.com
|
| Support:
|
|   Discord: ziga.zajc007
|   Mail: ziga.zajc007@gmail.com
|   Discord: https://discord.gg/hUNymXX
|
[]=========================================[]

[10:23:40] [Craft Scheduler Thread - 2 - HuskHomes/INFO]: [HuskHomes] Registered 'after_load' hooks
[10:23:42] [Folia Async Scheduler Thread #0/WARN]: [ToolStats] Unable to check updates!
[10:23:42] [Folia Async Scheduler Thread #0/WARN]: java.io.IOException: Server returned HTTP response code: 504 for URL: https://api.github.com/repos/hyperdefined/ToolStats/releases
[10:23:42] [Folia Async Scheduler Thread #0/WARN]: 	at java.base/sun.net.www.protocol.http.HttpURLConnection.getInputStream0(HttpURLConnection.java:2028)
[10:23:42] [Folia Async Scheduler Thread #0/WARN]: 	at java.base/sun.net.www.protocol.http.HttpURLConnection.getInputStream(HttpURLConnection.java:1629)
[10:23:42] [Folia Async Scheduler Thread #0/WARN]: 	at java.base/sun.net.www.protocol.https.HttpsURLConnectionImpl.getInputStream(HttpsURLConnectionImpl.java:223)
[10:23:42] [Folia Async Scheduler Thread #0/WARN]: 	at toolstats-1.9.9.jar//lol.hyper.toolstats.updater.GitHubReleaseAPI.readGitHubAPI(GitHubReleaseAPI.java:123)
[10:23:42] [Folia Async Scheduler Thread #0/WARN]: 	at toolstats-1.9.9.jar//lol.hyper.toolstats.updater.GitHubReleaseAPI.<init>(GitHubReleaseAPI.java:49)
[10:23:42] [Folia Async Scheduler Thread #0/WARN]: 	at toolstats-1.9.9.jar//lol.hyper.toolstats.ToolStats.checkForUpdates(ToolStats.java:254)
[10:23:42] [Folia Async Scheduler Thread #0/WARN]: 	at toolstats-1.9.9.jar//lol.hyper.toolstats.ToolStats.lambda$onEnable$0(ToolStats.java:229)
[10:23:42] [Folia Async Scheduler Thread #0/WARN]: 	at io.papermc.paper.threadedregions.scheduler.FoliaAsyncScheduler$AsyncScheduledTask.run(FoliaAsyncScheduler.java:217)
[10:23:42] [Folia Async Scheduler Thread #0/WARN]: 	at java.base/java.util.concurrent.ThreadPoolExecutor.runWorker(ThreadPoolExecutor.java:1144)
[10:23:42] [Folia Async Scheduler Thread #0/WARN]: 	at java.base/java.util.concurrent.ThreadPoolExecutor$Worker.run(ThreadPoolExecutor.java:642)
[10:23:42] [Folia Async Scheduler Thread #0/WARN]: 	at java.base/java.lang.Thread.run(Thread.java:1583)
[10:28:04] [User Authenticator #0/INFO]: UUID of player GeneralZappy is 07b2ebf5-49a4-3e37-a8a1-fec506196f4e
[10:28:05] [Server thread/INFO]: GeneralZappy joined the game
[10:28:05] [Server thread/INFO]: GeneralZappy[/127.196.223.75:34495] logged in with entity id 45 at ([world]0.0, 69.0, 0.0)
[10:36:02] [Server thread/INFO]: Made GeneralZappy a server operator
[10:37:06] [Server thread/INFO]: GeneralZappy issued server command: /co inspect
[10:38:31] [Server thread/INFO]: GeneralZappy issued server command: /co inspect
[10:44:50] [Server thread/INFO]: GeneralZappy issued server command: /home village
[10:48:30] [Server thread/INFO]: GeneralZappy issued server command: /home ravine
[10:48:30] [Server thread/WARN]: GeneralZappy moved too quickly! -48.88137471945268,-9.0,-126.45020992047353
[10:53:45] [Server thread/INFO]: GeneralZappy issued server command: /home ravine
[10:53:45] [Server thread/WARN]: GeneralZappy moved too quickly! 55.58801099637631,-136.0,-108.88602142233606
[10:58:01] [Server thread/INFO]: GeneralZappy issued server command: /home village
[10:58:01] [Server thread/WARN]: GeneralZappy moved too quickly! 29.564087918270616,9.0,108.51703742333132
[10:58:28] [Server thread/INFO]: GeneralZappy issued server command: /back
[11:01:38] [Server thread/INFO]: GeneralZappy issued server command: /home village
[11:01:38] [Server thread/WARN]: GeneralZappy moved too quickly! 31.21395447649971,9.0,106.86718872588835
[11:01:57] [Server thread/INFO]: GeneralZappy issued server command: /back
[11:01:57] [Server thread/WARN]: GeneralZappy moved too quickly! -56.648799849739675,-12.0,-135.15329259927557
[11:36:59] [Server thread/INFO]: GeneralZappy issued server command: /homelist
[11:37:23] [Server thread/INFO]: GeneralZappy issued server command: /home ravine
[11:37:23] [Server thread/WARN]: GeneralZappy moved too quickly! 40.2573668742034,-7.0,-65.51473280627397
[11:48:20] [Server thread/INFO]: GeneralZappy issued server command: /home village
[11:48:20] [Server thread/WARN]: GeneralZappy moved too quickly! 42.918235070652116,-2.0,86.69305511165203
[11:51:33] [Server thread/INFO]: Stopping server
[11:51:33] [Server thread/INFO]: [SleepFixer] Disabling SleepFixer v2.1.0
[11:51:33] [Server thread/INFO]: [SleepFixer] Disabling 'sleeping ignored' status for online players...
[11:51:33] [Server thread/INFO]: [SleepFixer] Shut-down complete (took 1.0ms).
[11:51:33] [Server thread/INFO]: [HuskHomes] Disabling HuskHomes v4.9.9
[11:51:33] [Server thread/INFO]: [HuskHomes] Disabling HuskHomes v4.9.9...
[11:51:33] [Server thread/INFO]: [HuskHomes] Successfully disabled HuskHomes v4.9.9
[11:51:33] [Server thread/INFO]: [TreeFella] Disabling TreeFella v1.2
[11:51:33] [Server thread/INFO]: [Passky] Disabling Passky v3.3.0
[11:51:33] [Server thread/INFO]: 

[]============[Disabling Passky]============[]
|
| Information:
|
|   Name: Passky
|   Developer: Black1_TV
|   Version: 3.3.0
|   Website: https://rabbit-company.com
|
| Sponsors:
|
|   - https://rabbitserverlist.com
|
| Support:
|
|   Discord: ziga.zajc007
|   Mail: ziga.zajc007@gmail.com
|   Discord: https://discord.gg/hUNymXX
|
[]=========================================[]

[11:51:33] [Server thread/INFO]: [Networks] Disabling Networks v3.1.3
[11:51:33] [Server thread/INFO]: [TradeCycle] Disabling TradeCycle v1.5.0
[11:51:33] [Server thread/INFO]: [ToolStats] Disabling ToolStats v1.9.9
[11:51:33] [Server thread/INFO]: [CoreProtect] Disabling CoreProtect v23.1
[11:51:33] [Server thread/INFO]: [CoreProtect] Finishing up data logging. Please wait...
[11:51:34] [Server thread/INFO]: [CoreProtect] Success! Disabled CoreProtect v23.1
[11:51:34] [Server thread/INFO]: [DeathChest] Disabling DeathChest v2.2.9
[11:51:34] [Server thread/INFO]: [Geyser-Spigot] Disabling Geyser-Spigot v2.8.3-SNAPSHOT
[11:51:34] [Server thread/INFO]: [Geyser-Spigot] Shutting down Geyser.
[11:51:34] [Server thread/INFO]: [Geyser-Spigot] Geyser shutdown successfully.
[11:51:34] [Server thread/INFO]: [SilkSpawners_v2] Disabling SilkSpawners_v2 v2.3.3
[11:51:34] [Server thread/INFO]: [SilkSpawners] [INFO]: Stopping version checker
[11:51:34] [Server thread/INFO]: [PixelRank] Disabling PixelRank v1.2
[11:51:34] [Server thread/INFO]: [PixelRank] Saving all data to the database...
[11:51:34] [Server thread/INFO]: [PixelRank] PixelRank has been disabled! Goodbye!
[11:51:34] [Server thread/INFO]: [MinerTrack] Disabling MinerTrack v1.7.5
[11:51:34] [Server thread/INFO]: ----[MinerTrack v1.7.5 ]-----------
[11:51:34] [Server thread/INFO]: MinerTrack Anti-XRay Disabled!
[11:51:34] [Server thread/INFO]: 
[11:51:34] [Server thread/INFO]: Authors: Author87668
[11:51:34] [Server thread/INFO]: Original Author: Author87668
[11:51:34] [Server thread/INFO]: Contributors: Author87668, Zhang12334
[11:51:34] [Server thread/INFO]: 
[11:51:34] [Server thread/INFO]: Good bye!
[11:51:34] [Server thread/INFO]: -----------------------------------------
[11:51:34] [Server thread/INFO]: [LuckPerms] Disabling LuckPerms v5.5.0
[11:51:34] [Server thread/INFO]: [LuckPerms] Starting shutdown process...
[11:51:34] [Server thread/INFO]: [LuckPerms] Closing storage...
[11:51:34] [Server thread/INFO]: [LuckPerms] Goodbye!
[11:51:34] [Server thread/INFO]: [GriefPrevention] Disabling GriefPrevention v16.18.4
[11:51:34] [Server thread/INFO]: [GriefPrevention] GriefPrevention disabled.
[11:51:34] [Server thread/INFO]: [floodgate] Disabling floodgate v2.2.5-SNAPSHOT (b126-096c605)
[11:51:34] [Server thread/INFO]: [WorldEdit] Disabling WorldEdit v7.3.16+cbf4bd5
[11:51:34] [Server thread/INFO]: Unregistering com.sk89q.worldedit.bukkit.BukkitServerInterface from WorldEdit
[11:51:34] [Server thread/INFO]: Saving players
[11:51:34] [Server thread/INFO]: GeneralZappy lost connection: Server closed
[11:51:34] [WebSocketConnectReadThread-159/INFO]: [Geyser-Spigot] The skin uploader has been closed
[11:51:34] [Server thread/INFO]: GeneralZappy left the game
[11:51:35] [Server thread/INFO]: Saving worlds
[11:51:35] [Server thread/INFO]: Saving chunks for level 'ServerLevel[world]'/minecraft:overworld
[11:51:35] [Server thread/INFO]: [ChunkHolderManager] Waiting 60s for chunk system to halt for world 'world'
[11:51:35] [Server thread/INFO]: [ChunkHolderManager] Halted chunk system for world 'world'
[11:51:35] [Server thread/INFO]: [ChunkHolderManager] Saving all chunkholders for world 'world'
[11:51:35] [Server thread/INFO]: [ChunkHolderManager] Saved 23 block chunks, 303 entity chunks, 2 poi chunks in world 'world' in 0.07s
[11:51:35] [Server thread/INFO]: [ChunkHolderManager] Waiting 60s for chunk I/O to halt for world 'world'
[11:51:35] [Server thread/INFO]: [ChunkHolderManager] Halted I/O scheduler for world 'world'
[11:51:35] [Server thread/INFO]: Saving chunks for level 'ServerLevel[world_nether]'/minecraft:the_nether
[11:51:35] [Server thread/INFO]: [ChunkHolderManager] Waiting 60s for chunk system to halt for world 'world_nether'
[11:51:35] [Server thread/INFO]: [ChunkHolderManager] Halted chunk system for world 'world_nether'
[11:51:35] [Server thread/INFO]: [ChunkHolderManager] Saving all chunkholders for world 'world_nether'
[11:51:35] [Server thread/INFO]: [ChunkHolderManager] Saved 0 block chunks, 13 entity chunks, 0 poi chunks in world 'world_nether' in 0.02s
[11:51:35] [Server thread/INFO]: [ChunkHolderManager] Waiting 60s for chunk I/O to halt for world 'world_nether'
[11:51:35] [Server thread/INFO]: [ChunkHolderManager] Halted I/O scheduler for world 'world_nether'
[11:51:35] [Server thread/INFO]: Saving chunks for level 'ServerLevel[world_the_end]'/minecraft:the_end
[11:51:35] [Server thread/INFO]: [ChunkHolderManager] Waiting 60s for chunk system to halt for world 'world_the_end'
[11:51:35] [Server thread/INFO]: [ChunkHolderManager] Halted chunk system for world 'world_the_end'
[11:51:35] [Server thread/INFO]: [ChunkHolderManager] Saving all chunkholders for world 'world_the_end'
[11:51:35] [Server thread/INFO]: [ChunkHolderManager] Saved 0 block chunks, 10 entity chunks, 0 poi chunks in world 'world_the_end' in 0.01s
[11:51:35] [Server thread/INFO]: [ChunkHolderManager] Waiting 60s for chunk I/O to halt for world 'world_the_end'
[11:51:35] [Server thread/INFO]: [ChunkHolderManager] Halted I/O scheduler for world 'world_the_end'
[11:51:35] [Server thread/INFO]: ThreadedAnvilChunkStorage (world): All chunks are saved
[11:51:35] [Server thread/INFO]: ThreadedAnvilChunkStorage (DIM-1): All chunks are saved
[11:51:35] [Server thread/INFO]: ThreadedAnvilChunkStorage (DIM1): All chunks are saved
[11:51:35] [Server thread/INFO]: ThreadedAnvilChunkStorage: All dimensions are saved
[11:51:35] [Server thread/INFO]: Waiting for all RegionFile I/O tasks to complete...
[11:51:35] [Server thread/INFO]: All RegionFile I/O tasks to complete
[11:51:35] [Server thread/INFO]: [MoonriseCommon] Awaiting termination of worker pool for up to 60s...
[11:51:35] [Server thread/INFO]: [MoonriseCommon] Awaiting termination of I/O pool for up to 60s...
