16:41 GeneralZappy: bruh
16:41 GeneralZappy: why you place grass
16:41 Shemnya     : looks better
16:41 GeneralZappy: no
16:41 GeneralZappy: vc
16:42 Shemnya     : me eat
16:42 GeneralZappy: i have to made road herwe
16:42 GeneralZappy: thats why i told you to move house
16:43 GeneralZappy: nigesh
17:01 GeneralZappy: vc
17:24 Shemnya placed suspicious WATER_BUCKET @ world: x297, z-430
17:26 GeneralZappy:  placed a sign @ world: x222, z-572
  e
17:43 Shemnya     :  placed a sign @ world: x296, z-429
  DW
17:44 Shemnya     :  placed a sign @ world: x296, z-429
  DW
17:44 Shemnya     :  placed a sign @ world: x297, z-429
  SHEMNYA
17:52 GeneralZappy: me going
17:52 GeneralZappy: bye
