23:58 HalfLifeCat : here
23:58 HalfLifeCat : lag
23:59 HalfLifeCat : here down
23:59 GeneralZappy: all good
23:59 GeneralZappy: no need
23:59 HalfLifeCat : bruh?
23:59 GeneralZappy: let that sink in
23:59 GeneralZappy: kill the outside cows
00:00 Shemnya     : lag
00:00 HalfLifeCat : yeah lag
00:00 GeneralZappy: we all on 1 stick
00:00 HalfLifeCat : dont kill
00:00 HalfLifeCat : imma take them to area
00:11 GeneralZappy: okay you making underground
00:11 Shemnya     : yea
00:11 Shemnya     : no disturbance above
00:12 GeneralZappy: why u love this place so much
00:12 Shemnya     : cuz its the centre
00:12 Shemnya     : everything is close
00:12 GeneralZappy: hmm
00:12 GeneralZappy: bye gn
00:13 GeneralZappy: server will be on
00:13 Shemnya     : GN
00:16 HalfLifeCat : wow
00:16 Shemnya     : bloody hell
00:16 Shemnya     : scared me asses out
00:17 HalfLifeCat : lmao
00:20 HalfLifeCat : lol
00:20 HalfLifeCat : shifting doesnt hide me
00:20 HalfLifeCat : sad
00:20 Shemnya     : nah it does
00:20 HalfLifeCat : oh
00:20 Shemnya     : I just saw u
00:20 Shemnya     : U
00:24 Shemnya     : can ya buy me a silk touch book?
00:27 HalfLifeCat : so smooth now
00:28 HalfLifeCat : bruh
00:28 HalfLifeCat : yes
00:28 HalfLifeCat : silk touch
00:28 Shemnya     : Yea bokya probably so hungry even wifi counldn't escape
00:30 HalfLifeCat : you have a book??
00:30 Shemnya     : no
00:30 HalfLifeCat : i have
00:30 HalfLifeCat : wait
00:32 HalfLifeCat : can you sleep
00:32 HalfLifeCat : i slep
00:32 HalfLifeCat : got the book
00:32 Shemnya     : no i slept
00:32 HalfLifeCat : dem
00:32 HalfLifeCat : here
00:33 HalfLifeCat placed suspicious WATER_BUCKET @ world: x207, z-549
00:33 HalfLifeCat : book
00:33 Shemnya     : thanks
00:33 HalfLifeCat : welcum
00:36 HalfLifeCat : for reference:
00:36 HalfLifeCat : Sword: Sharpness 5, Unbreaking 3, Mending, Looting 3, Sweeping Edge 3, Knockback 2
00:36 Shemnya     : Ik
00:36 HalfLifeCat : ya for me to remember
00:37 Shemnya     : Fire aspect 2
00:37 Shemnya     : or 3?
00:37 HalfLifeCat : and sharp 5 we have
00:37 HalfLifeCat : fire asp 2 max
00:46 Shemnya     : bro
00:47 Shemnya     : I need all the andesite u got
00:47 HalfLifeCat : ok
00:47 HalfLifeCat : zero
00:47 HalfLifeCat : never mined
00:47 Shemnya     : ouch
00:57 Shemnya     : do yo have bokya's claim permision?
01:07 HalfLifeCat placed suspicious WATER_BUCKET @ world: x190, z-517
01:09 HalfLifeCat placed suspicious WATER_BUCKET @ world: x190, z-522
01:09 HalfLifeCat placed suspicious WATER_BUCKET @ world: x190, z-522
01:12 Shemnya     : HLC
01:12 Shemnya     : Get down here!!!!!!!!!!!!!!!!!
01:12 Shemnya     : HLC
01:12 HalfLifeCat : yes
01:13 HalfLifeCat : what
01:13 Shemnya     : underground
01:13 HalfLifeCat : dam
01:14 Shemnya     : ??
01:14 HalfLifeCat : so good
01:14 Shemnya     : lokin gud
01:14 HalfLifeCat : sexy
01:14 Shemnya     : YEA
01:14 Shemnya     : now we seggs'
01:15 HalfLifeCat : sus
01:16 HalfLifeCat :  placed a sign @ world: x192, z-523
  d
01:19 HalfLifeCat placed suspicious WATER_BUCKET @ world: x190, z-522
01:19 HalfLifeCat placed suspicious WATER_BUCKET @ world: x190, z-522
01:40 HalfLifeCat placed suspicious WATER_BUCKET @ world: x187, z-528
01:42 HalfLifeCat : need string for scaffoldings
01:42 Shemnya     : probably got em on the mob farm
01:42 HalfLifeCat : hmm
01:51 HalfLifeCat placed suspicious WATER_BUCKET @ world: x191, z-519
01:51 HalfLifeCat placed suspicious WATER_BUCKET @ world: x191, z-519
01:57 HalfLifeCat placed suspicious WATER_BUCKET @ world: x194, z-516
01:58 Shemnya     : need welp
01:58 HalfLifeCat : me building my home
01:58 Shemnya     : what do I use to fill up the layer
01:58 HalfLifeCat : which
01:59 HalfLifeCat : somwthing blackor white
01:59 Shemnya     : meaning
01:59 Shemnya     : ??
01:59 HalfLifeCat : idk contrasting
02:03 Shemnya     : Got cobbled deepslate?
02:10 HalfLifeCat placed suspicious WATER_BUCKET @ world: x182, z-520
02:10 HalfLifeCat placed suspicious WATER_BUCKET @ world: x181, z-519
02:16 HalfLifeCat placed suspicious WATER_BUCKET @ world: x190, z-522
02:19 HalfLifeCat placed suspicious WATER_BUCKET @ world: x189, z-523
02:19 HalfLifeCat placed suspicious WATER_BUCKET @ world: x190, z-522
02:19 HalfLifeCat placed suspicious WATER_BUCKET @ world: x191, z-519
11:56 GeneralZappy: do not fear lady
11:56 GeneralZappy: halo
11:56 Krutika     : damm Thanks
11:57 GeneralZappy: dont jump
11:57 GeneralZappy: properly jump in water
11:57 GeneralZappy: kachra kundi ahe ti
11:57 Krutika     : bow aahe tyat
11:57 GeneralZappy: yes
11:57 GeneralZappy: i will give you best bow
11:57 GeneralZappy: come
11:59 GeneralZappy: lets get you lure 3
11:59 Krutika     : Yesssssssssss
11:59 Krutika     : and Luck of the Sea pn
12:00 GeneralZappy: yelo
12:00 GeneralZappy: blud
12:01 Krutika     : lavun de na
12:01 GeneralZappy: okay
12:01 GeneralZappy: de
12:02 GeneralZappy: aye
12:02 Krutika     : hehe
12:02 GeneralZappy: come
12:04 Krutika     : sus
12:05 GeneralZappy: we need a lectern
12:07 GeneralZappy: gg
12:07 GeneralZappy: mil gaya
12:07 GeneralZappy: lure 3
12:07 Krutika     : yay
12:07 Krutika     : nice
12:07 GeneralZappy: you got lure 3, meding and
12:07 GeneralZappy: luck of sea 3
12:08 GeneralZappy: give anvil
12:08 Krutika     : he new ghe
12:08 GeneralZappy: put
12:08 GeneralZappy: here
12:08 Krutika     : te tutlay
12:08 GeneralZappy: hmm too costly
12:09 GeneralZappy: leme build a new one
12:09 Krutika     : he bgh na
12:09 Krutika     : he new aahe
12:09 GeneralZappy: new fishing rod
12:09 Krutika     : ohh
12:09 GeneralZappy: anvil ghe te
12:09 GeneralZappy: then i will tp you
12:10 GeneralZappy: uchal la ki sang
12:10 Krutika     : ghetla
12:10 GeneralZappy: how much is your xp level
12:10 Krutika     : 7
12:10 GeneralZappy: dam
12:11 GeneralZappy: we both poor
12:11 GeneralZappy: let me farm aura
12:11 GeneralZappy: come
12:12 GeneralZappy: here we aura farm
12:13 GeneralZappy: thoda afk raha wa lagel
12:13 GeneralZappy: then mobs spawn here
12:13 Krutika     : aare te banav na
12:14 Krutika     : tyane de enchant karta yeta, xp bhetel ha Kachra dis enchant karun
12:14 GeneralZappy: oh dam
12:14 GeneralZappy: krutika smort
12:14 GeneralZappy: but we need grindstone for that
12:14 GeneralZappy: and process is slow
12:15 GeneralZappy: stay here
12:15 Krutika     : okay
12:15 GeneralZappy: we need level 17
12:15 GeneralZappy: to enchant
12:15 GeneralZappy: i am 3 rn
12:16 GeneralZappy: 9 now
12:16 GeneralZappy: i will give you saplings
12:16 GeneralZappy: will u plant trees
12:16 Krutika     : Yessssssss
12:17 GeneralZappy: but not anywhere
12:17 GeneralZappy: leme dm
12:17 GeneralZappy: check dm
12:18 Krutika     : okay
12:18 GeneralZappy: 2 more levels to go
12:20 GeneralZappy: lesgo
12:20 GeneralZappy: oh nooooooo
12:20 GeneralZappy: nvm
12:20 GeneralZappy: mil agaya
12:21 Krutika     : kyy zhala?
12:21 Krutika     : ayyy
12:21 GeneralZappy: mending mahiti ahe na ?
12:21 Krutika     : mmmmmmmmm nah
12:21 GeneralZappy: come with me
12:23 GeneralZappy: hyachi health khup fast jate
12:23 GeneralZappy: so what you have to do it
12:23 GeneralZappy: keep fishing rod in left hand
12:23 GeneralZappy: like this
12:23 GeneralZappy: and kill mobs
12:23 GeneralZappy: then it will be repaired automatically
12:23 Krutika     : ohhh te xp ne health increase hote te?
12:24 GeneralZappy: yes
12:24 GeneralZappy: only if you keep in left hand
12:24 Krutika     : yes yes samazla
12:24 GeneralZappy: but wait
12:24 GeneralZappy: give me again
12:24 GeneralZappy: i will put unbreaking 3
12:24 GeneralZappy: so its durability increases
12:25 Krutika     : mala tyache cods de na, i want xp
12:25 GeneralZappy: k wait
12:25 GeneralZappy: unbreaking nahi lagat ahe
12:25 Krutika     : jaude
12:25 GeneralZappy: oh lagtay
12:25 Krutika     : thats enough
12:25 GeneralZappy: how much xp you have
12:25 Krutika     : aare me health vadhun gheil low zhali tr
12:25 GeneralZappy: khup fast jate health
12:26 GeneralZappy: thats why
12:26 Krutika     : 3 now, me bow combine kela
12:26 GeneralZappy: chal tula cords deto
12:26 GeneralZappy: 294 16 -427
12:26 GeneralZappy: cords for underground xp farm
12:26 Krutika     : okay
12:26 Krutika     : thanks
12:27 Krutika     : mala te deun ja
12:27 GeneralZappy: unbreaking pan ghe
12:27 GeneralZappy: lav nantar
12:27 Krutika     : okay lavun gheil me thnx
12:28 GeneralZappy: trees pahije ?
12:28 Krutika     : cherry?
12:28 GeneralZappy: cherry sapadto mi
12:28 Krutika     : me search kela hota, trader kadun bhette
12:29 GeneralZappy: yea ik
12:29 Krutika     : trader kuthe bhetel
12:29 Krutika     : me aante
12:29 GeneralZappy: trader kahi yeil ata
12:32 GeneralZappy: whose smol house is this
12:32 GeneralZappy: underground
12:32 Krutika     : me aajun kahich nhi banavla
12:32 Krutika     : idk
12:33 GeneralZappy: acha
12:33 GeneralZappy: you know how to teleport ?
12:33 Krutika     : noo
12:33 GeneralZappy: you can set homes
12:33 GeneralZappy: and teleport
12:33 GeneralZappy: do /sethome home1
12:33 GeneralZappy: and then when you do /home home1
12:33 GeneralZappy: you will be teleported
12:34 Krutika     : kiti pn karta yeta ka??? like me farm vr teleport hoil ka?
12:35 GeneralZappy: bruh
12:39 Krutika     : kiti xp lagat hoti tyala?
12:39 GeneralZappy: 10 ig
12:39 Krutika     : okayyy
12:40 GeneralZappy: yoyo
12:40 Zekrom3016  : yoyo
12:41 Zekrom3016  : bruhh mera ghar kho gaya
12:41 GeneralZappy: that small house underground ?
12:41 Zekrom3016  : ya
12:41 GeneralZappy: lol
12:41 Zekrom3016  : mil gaya
12:42 GeneralZappy: chomika
12:42 GeneralZappy: kachra takun ka gelis kajhya gharat
12:43 Krutika     : food aahe te
12:43 GeneralZappy: okk
12:43 GeneralZappy: cookies aan parat
12:43 GeneralZappy: :tasty:
12:44 Krutika     : jungle biome nhi bhetat
12:44 GeneralZappy: -3000 hota i think
12:44 Krutika     : cods de i want parrots toooo, khup saare
12:45 Zekrom3016  : zopu ka?
12:45 GeneralZappy: if you want
12:56 Krutika     : ocean biome kuthe bhetel
12:56 Krutika     : how to fing
12:56 Krutika     : find?
12:56 GeneralZappy: keep exploring
12:56 GeneralZappy: there are no leads for that
13:03 Zekrom3016: kon aahe ka?
13:03 Zekrom3016: zappy?>
13:03 Krutika   : Meow!
13:03 Zekrom3016: lol tu aahes
13:04 Krutika   : bro using Server to chat 😭😭
13:04 Zekrom3016: bahahha
13:05 Krutika   : I Know U Stalking us Vikranttt
13:05 Zekrom3016: bros watching us from a far lands
13:05 Krutika   : yess
13:14 Zekrom3016: yes
13:15 Zekrom3016: okie karun ghe
13:15 Zekrom3016: me soloch aahe tasa pan
13:48 GeneralZappy: helo
13:48 Zekrom3016  : helloooo
13:48 GeneralZappy: ajao vc
13:49 GeneralZappy: halo chromi
13:49 Krutika     : Ohayoo
13:50 GeneralZappy: half cat
13:50 HalfLifeCat : hi
13:50 GeneralZappy: come vc gais
13:50 HalfLifeCat : ohayo
13:50 Krutika     : Aardha Jiv Boka
13:50 Krutika     : or boki probably
13:50 GeneralZappy: manzar
13:50 GeneralZappy: i am boki :0
13:51 Krutika     : u baka ~
13:51 Krutika     : mala Jukebox de
13:51 GeneralZappy: ye
13:56 GeneralZappy: omg mermaid
13:56 GeneralZappy: for me ?
13:56 Krutika     : yes
13:56 GeneralZappy: thanks
13:56 GeneralZappy: uwu
13:56 Krutika     : mala Juke box de
13:56 Krutika     : oyyyyy tula sangu mala kyy bhetla
13:56 GeneralZappy: noko
13:57 Krutika     : I Hate You !
13:57 GeneralZappy: sang na lmao
13:57 Krutika     : Power 4 wala Bow
13:57 Krutika     : pahije?
13:57 GeneralZappy: nice
13:57 GeneralZappy: mala power 5 bhetel
13:57 GeneralZappy: :)
13:58 Krutika     : HLC poer 4 bow pahije?
13:58 GeneralZappy: i miss my cupid bow
13:58 Krutika     : sus
13:58 Krutika     : Cupid doesnt exits
13:58 GeneralZappy: do you remember or you forgot
13:59 Krutika     : idk
13:59 GeneralZappy: your smol brain forgot
13:59 GeneralZappy: i had 2 bows in last server
13:59 GeneralZappy: hawkeye and cupid
14:00 HalfLifeCat placed suspicious WATER_BUCKET @ world: x225, z-590
14:01 GeneralZappy: jukebox readty
14:03 GeneralZappy: what happened to thank you
14:04 Krutika     : Nhi sapadla
14:04 GeneralZappy: -_-
14:04 Krutika     : Greetings Folder is lagging
14:07 Krutika     : mazhi skin disteyyy?
14:07 HalfLifeCat : nah
14:07 HalfLifeCat placed suspicious WATER_BUCKET @ world: x19, z-630
14:07 GeneralZappy: yes
14:07 Krutika     : ahh whyy
14:08 GeneralZappy: me going on adventure
14:09 Krutika placed suspicious WATER_BUCKET @ world: x17, z-631
14:10 HalfLifeCat placed suspicious WATER_BUCKET @ world: x216, z-480
14:11 Krutika     : Vikrant sowwy
14:11 Krutika     : i messed up
14:11 GeneralZappy: ata kay kela
14:11 Krutika     : Noteblock laagat hote aaaaaaaaaaaaaaaaaaa, i said juke blockk
14:11 GeneralZappy: nice
14:12 Krutika     : kskyy banvu?
14:12 GeneralZappy: i will send on discord
14:12 GeneralZappy: dm
14:12 Krutika placed suspicious WATER_BUCKET @ world: x37, z-620
14:12 Krutika placed suspicious WATER_BUCKET @ world: x41, z-616
14:12 Krutika placed suspicious WATER_BUCKET @ world: x41, z-613
14:12 Krutika placed suspicious WATER_BUCKET @ world: x43, z-615
14:12 Krutika placed suspicious WATER_BUCKET @ world: x44, z-612
14:12 Krutika placed suspicious WATER_BUCKET @ world: x42, z-612
14:13 GeneralZappy: yay
14:13 GeneralZappy: krutu
14:13 GeneralZappy: dark oak
14:13 GeneralZappy: region
14:13 GeneralZappy: parrots
14:24 Krutika     : aare te Cocoa wala trees madhe asta na?
14:24 Krutika     : Jungle Biome
14:24 GeneralZappy: yes
14:26 Krutika placed suspicious WATER_BUCKET @ world: x14, z-628
14:28 GeneralZappy: spruce biome found
14:28 GeneralZappy: mushroom pahije konala
14:29 Krutika placed suspicious WATER_BUCKET @ world: x17, z-631
14:41 GeneralZappy: nice
14:42 Krutika placed suspicious SALMON_BUCKET @ world: x13, z-629
14:45 Krutika placed suspicious SALMON_BUCKET @ world: x-2, z-649
14:52 GeneralZappy: chromika
14:52 GeneralZappy: come home
14:52 GeneralZappy: i have something to show
14:52 Krutika     : coming
14:54 GeneralZappy: hehe
14:54 GeneralZappy: world map
14:54 Krutika     : wow
14:54 GeneralZappy: i will make it bigger
14:54 Krutika     : interesting
14:55 GeneralZappy: come chromika
14:55 GeneralZappy: selfie
14:55 GeneralZappy: stand
14:56 Krutika     : pathav
14:56 HalfLifeCat : see gayming
14:58 GeneralZappy: what doing in my bedroom
15:08 Krutika     : hallpppppp
15:08 GeneralZappy: lol
15:11 HalfLifeCat placed suspicious WATER_BUCKET @ world: x197, z-521
15:11 GeneralZappy: kru dont kill him
15:11 Krutika     : aaaaaaaaaaaa
15:12 HalfLifeCat placed suspicious WATER_BUCKET @ world: x198, z-517
15:12 Krutika placed suspicious WATER_BUCKET @ world: x17, z-631
15:12 HalfLifeCat placed suspicious WATER_BUCKET @ world: x201, z-529
15:13 at117       : brotika teleport me
15:13 at117       : i want my loot
15:14 Krutika     : done
15:14 Krutika     : ikde
15:14 Krutika     : he bgh
15:15 Krutika     : AT bow pahije?
15:15 at117       : nah thanks
15:15 at117       : what specs
15:16 Krutika     : Pow 4
15:16 Krutika     : Unbreaking 3
15:16 at117       : infinity?
15:16 Krutika     : nah but i have khup saare arr
15:16 at117       : bruh let it be
15:21 GeneralZappy: bruh
15:24 Krutika     : who is Shmenya
15:24 GeneralZappy: peerless
15:24 Krutika     : interesting
15:26 HalfLifeCat : thanks
15:26 HalfLifeCat : nice cape
15:26 HalfLifeCat : you want emaralds?
15:26 Krutika     : no
15:31 HalfLifeCat placed suspicious WATER_BUCKET @ world: x200, z-521
15:31 HalfLifeCat placed suspicious WATER_BUCKET @ world: x197, z-499
19:40 DeadVedant: teleport kase karta re?
19:40 MrOC      : tpa
19:41 DeadVedant: village che cods mahiti aahe ka?
19:41 MrOC      : mi ek photo baghitla hota dc vr tith khi tri hota
19:41 DeadVedant: Vinni Bhai Village che cods de na
19:42 Zekrom3016: idk code re
19:42 Zekrom3016: i dont use tps
19:42 DeadVedant: bhetle nvm
