00:23 HalfLifeCat: hi
00:26 Shemnya    : got any glowstones?
00:26 HalfLifeCat: nah, I am zero, got wheat tho
00:26 Shemnya    : feed the cow
00:27 HalfLifeCat: sure
00:28 Shemnya    : dem
00:28 HalfLifeCat: I am at spawn
00:28 Shemnya    : didnt meant to kill you'
00:28 HalfLifeCat: where is our village? coords
00:28 Shemnya    : surri
00:28 HalfLifeCat: no worries
00:28 HalfLifeCat: I was low
00:28 Shemnya    : 173 72 -503
00:28 HalfLifeCat: oke
00:29 Shemnya    : why u so low on hp
00:29 HalfLifeCat: no inv
00:29 Shemnya    : just wanted to show u my fiery sword
00:29 HalfLifeCat: noice
00:30 Shemnya    : u can also directly tele to your death
00:30 HalfLifeCat: how
00:30 Shemnya    : the command shows up after death
00:30 HalfLifeCat: oh
00:32 HalfLifeCat: I might die again coming back
00:32 HalfLifeCat: so long
00:34 HalfLifeCat: so laggy
00:34 HalfLifeCat: noice
00:34 Shemnya    : just remembered
00:34 HalfLifeCat: lol
00:37 HalfLifeCat: my farms are so full
00:37 HalfLifeCat: we should sell all the loot
00:37 Shemnya    : yea
00:38 HalfLifeCat: is it lagging for you
00:38 Shemnya    : yea
00:38 HalfLifeCat: for me its unplayable
00:38 Shemnya    : can see
00:40 HalfLifeCat: fed the cows
00:40 HalfLifeCat: next? how work
00:41 Shemnya    : they will breed
00:41 HalfLifeCat: hot
00:41 Shemnya    : they will overpopulate
00:41 HalfLifeCat: take gahu
00:41 Shemnya    : they will die
00:41 HalfLifeCat: lmao
00:41 Shemnya    : there meat will fall
00:41 HalfLifeCat: no lava use?
00:41 Shemnya    : it will burn
00:41 Shemnya    : and cook
00:41 HalfLifeCat: noice
00:42 HalfLifeCat: its blocked
00:42 HalfLifeCat: bokya might have stopped it
00:42 HalfLifeCat: blocks plugging the hole
00:43 Shemnya    : need a dispenser to auto feed
00:43 HalfLifeCat: we can auto feed?
00:43 Shemnya    : thru dispenser yes
00:44 HalfLifeCat: dem
12:41 GeneralZappy: hel
12:41 Krutika     : Meowwwwww
12:41 GeneralZappy: lesgo
12:42 GeneralZappy: where u at
12:42 Krutika     : idk
12:42 GeneralZappy: i send request
12:42 GeneralZappy: come
12:43 GeneralZappy: dont move once you accept
12:43 GeneralZappy: or it will get canceled
12:43 Krutika     : nice
12:43 GeneralZappy: this my old house
12:43 GeneralZappy: come inside
12:43 Krutika     : wait mala bolavla me yete dupaari
12:43 GeneralZappy: :((((((((((((((((((((((((((((((((((((
12:44 GeneralZappy: okat
12:54 HalfLifeCat : hi
12:58 HalfLifeCat : blud
13:05 GeneralZappy: nice
13:05 HalfLifeCat : so many zombies, need more torches in village
13:05 GeneralZappy: yeah
13:06 HalfLifeCat : dam
13:06 GeneralZappy: crazy wool
13:06 GeneralZappy: sex dungeon banauga
13:07 HalfLifeCat placed suspicious WATER_BUCKET @ world: x222, z-558
13:07 HalfLifeCat : wow
13:07 HalfLifeCat : you did all this
13:07 HalfLifeCat : lower floor
13:07 GeneralZappy: yes
13:07 HalfLifeCat : DAYUM
13:07 GeneralZappy: its easier down
13:07 GeneralZappy: one villager fell
13:07 GeneralZappy: lol
13:07 HalfLifeCat : kinky
13:08 GeneralZappy: come vc
13:08 HalfLifeCat : ok
13:08 GeneralZappy: i have a plan
13:10 HalfLifeCat placed suspicious WATER_BUCKET @ world: x231, z-545
13:10 HalfLifeCat placed suspicious WATER_BUCKET @ world: x238, z-518
13:11 HalfLifeCat placed suspicious WATER_BUCKET @ world: x232, z-550
13:11 HalfLifeCat placed suspicious WATER_BUCKET @ world: x228, z-550
13:11 HalfLifeCat placed suspicious WATER_BUCKET @ world: x228, z-550
14:24 Krutika     : Maaaaaaaaaaaauuuuuuuuuuuuuuuuuuuuuuuuuuuuuuuuuuuuuuuuuuuuuuuuuuuuu
14:24 GeneralZappy: omg
14:24 GeneralZappy: chromika
14:24 Krutika     : Chrome?
14:24 GeneralZappy: yes
14:24 Krutika     : Google
14:24 GeneralZappy: google chromika
14:25 GeneralZappy: chrome bought krutika in early 20s
14:25 GeneralZappy: kru
14:25 GeneralZappy: here
14:25 Krutika     : let me out
14:25 Krutika     : not breaking
14:25 HalfLifeCat : lmao krumtika
14:26 GeneralZappy: ithe ye g bhai
14:26 GeneralZappy: good boy
14:26 Krutika     : nice
14:26 Krutika     : why are we looking same HLC?
14:26 HalfLifeCat : we are not
14:26 HalfLifeCat : I have skin
14:27 GeneralZappy: krutika thoda issue hogya
14:27 Krutika     : wait me ss taakte
14:27 GeneralZappy: installation main
14:30 Krutika     : let me out :cry:
14:30 HalfLifeCat : cominh
14:30 GeneralZappy: ata kuthe adakli
14:30 HalfLifeCat : come I give you stuff
14:31 HalfLifeCat : come
14:31 Krutika     : ohhhhhhh
14:31 Krutika     : khup saara iron
14:31 Krutika     : nice
14:31 HalfLifeCat : here
14:31 HalfLifeCat : read the sign
14:31 HalfLifeCat : cat emoji
14:31 HalfLifeCat : come4
14:31 Krutika     : ohhhh
14:32 Krutika     : sus
14:32 HalfLifeCat : lmao
14:32 HalfLifeCat : sus is bokyas room
14:32 HalfLifeCat : breeding
14:32 HalfLifeCat : come
14:32 HalfLifeCat : oh
14:32 HalfLifeCat : trust
14:32 Krutika     : no perms
14:33 HalfLifeCat : now
14:33 HalfLifeCat : try
14:33 Krutika     : wink wink
14:33 HalfLifeCat : all 3 moi farms
14:33 HalfLifeCat : :nails:
14:33 Krutika     : nice
14:33 Krutika     : :Sparkiling_Heart:
14:33 HalfLifeCat : 🐆🐆
14:33 HalfLifeCat : bruh leopard looks so bd
14:34 Krutika     : 💖
14:41 lordofwizard: /msg at117 hi 
14:51 Krutika     : Civil War?
14:51 HalfLifeCat : pvp
14:57 lordofwizard: /msg Zekrom3016 hi 
14:57 Krutika     : interesting
15:05 GeneralZappy: dont sleep this night
15:07 HalfLifeCat : krumitka
15:07 HalfLifeCat : music?
15:07 Krutika     : VC?
15:07 HalfLifeCat : idk
15:08 Krutika     : hen?
15:08 Krutika     : then?
15:08 GeneralZappy: chromtika
15:08 GeneralZappy: yeu
15:08 GeneralZappy: ka
15:08 HalfLifeCat : lets catch a kitty
15:08 HalfLifeCat : need fish
15:09 Krutika     : fishing rod de na
15:09 HalfLifeCat : oke
15:09 HalfLifeCat : thats slow tho
15:09 HalfLifeCat placed suspicious WATER_BUCKET @ world: x183, z-545
15:10 HalfLifeCat placed suspicious WATER_BUCKET @ world: x184, z-545
15:10 at117       : W
15:10 Krutika     : Fishing rod de
15:11 GeneralZappy: sus
15:11 GeneralZappy: what doing fishy
15:11 Krutika     : CatFishing💀💀💀
15:12 GeneralZappy: very fishy
15:15 Krutika     : lure 3 pahije
15:15 GeneralZappy: i had
15:15 GeneralZappy: not now
15:15 Krutika     : de
15:17 HalfLifeCat placed suspicious WATER_BUCKET @ world: x222, z-537
15:22 HalfLifeCat :  placed a sign @ world: x189, z-518
  HLC's
  Home
  🐈
15:25 HalfLifeCat placed suspicious WATER_BUCKET @ world: x215, z-525
15:25 HalfLifeCat placed suspicious WATER_BUCKET @ world: x218, z-529
15:26 HalfLifeCat placed suspicious WATER_BUCKET @ world: x206, z-521
15:26 HalfLifeCat placed suspicious WATER_BUCKET @ world: x207, z-517
15:28 HalfLifeCat :  placed a sign @ world: x191, z-504
  Fixed Your
  Farm Bokya
  --HLC
15:28 Zekrom3016  : accept
15:29 GeneralZappy: do /sethome home1 to set home
15:29 GeneralZappy: then /home home1 to quick tp
15:34 lordofwizard placed suspicious WATER_BUCKET @ world: x189, z-539
15:35 HalfLifeCat placed suspicious WATER_BUCKET @ world: x190, z-543
15:35 Krutika     : cherry Wood aahe?
15:35 Krutika     : i want my same old house
15:35 lordofwizard: /msg notsahil hi 
15:40 Krutika     : vikrant Jungle biome che cods mahity ka?
15:43 lordofwizard:  placed a sign @ world: x800, z-936
  LordOfWizard 
  Was here
15:45 lordofwizard: someone sleep
15:52 GeneralZappy: chromtika
15:53 Krutika     : yes?
15:53 GeneralZappy: no
15:53 Krutika     : okayy
15:59 lordofwizard: bye!
15:59 Krutika     : BIE
15:59 GeneralZappy: bye
16:07 Krutika     : Mala Gaaav Bhetla
16:07 at117       : gud
16:07 Krutika     : Jungle Villahe
16:07 GeneralZappy: tu geli nahi azun
16:07 Krutika     : tu mazha kaam kr
16:13 MrOC        : /tell Krutika iron pahije ka? 
16:31 MrOC placed suspicious WATER_BUCKET @ world: x204, z-196
18:50 HalfLifeCat placed suspicious WATER_BUCKET @ world: x194, z-511
18:50 HalfLifeCat placed suspicious WATER_BUCKET @ world: x192, z-516
18:51 HalfLifeCat placed suspicious WATER_BUCKET @ world: x192, z-539
19:20 HalfLifeCat:  placed a sign @ world: x189, z-518
  HLC'sd
  Home
  🐈
19:42 HalfLifeCat: ligma
19:42 GeneralZappy: balz
19:54 HalfLifeCat : ligma
19:54 GeneralZappy: balz
20:17 GeneralZappy: wichu
20:17 HalfLifeCat : ligma withcer
20:19 witcher     : hlc bochyha
20:20 GeneralZappy: jevan break
20:20 GeneralZappy: wichu
23:27 Shemnya     : now it's much better
23:33 Shemnya     : can u feel the lag zappy
23:33 GeneralZappy: yes
23:33 GeneralZappy: what u doing
23:33 Shemnya     : can't do anything
23:33 GeneralZappy: havent shifted your saman yet ?
23:35 Shemnya     : tell me bokya whats yor plan in the centre
23:35 GeneralZappy: free space
23:35 GeneralZappy: or statue
23:36 Shemnya     : nothing to build right?
23:36 GeneralZappy: dont make blockade
23:36 HalfLifeCat placed suspicious WATER_BUCKET @ world: x191, z-533
23:37 HalfLifeCat placed suspicious WATER_BUCKET @ world: x202, z-529
23:37 GeneralZappy: cow farm is fuked
23:37 HalfLifeCat : dam
23:37 HalfLifeCat : lmao
23:37 HalfLifeCat : wait
23:38 Shemnya     : YALL GIMME STRING
23:38 Shemnya     : Every last bit of it
23:38 HalfLifeCat : oke
23:39 HalfLifeCat : get from farm also
23:39 HalfLifeCat : here
23:39 HalfLifeCat : this farm is savable
23:39 Shemnya     : LAAAAAAAAAAAAAAAAAGGGGGGGGGGGGGGGGGGGG!!!!!!!!!!!!!!!!!!!!!!!!!!!
23:39 HalfLifeCat : leave it to me
23:40 GeneralZappy: u sure
23:41 HalfLifeCat : yes
23:42 HalfLifeCat : se
23:43 HalfLifeCat : i bring wheat
23:43 GeneralZappy: place glass
23:43 HalfLifeCat : iooke
23:43 HalfLifeCat : oke
23:44 GeneralZappy: nice
23:44 HalfLifeCat : silk touch?
23:44 GeneralZappy: no
23:45 HalfLifeCat : lemme watch video of this farm
23:45 GeneralZappy: got it
23:46 GeneralZappy: give glass
23:47 HalfLifeCat placed suspicious WATER_BUCKET @ world: x181, z-556
23:47 HalfLifeCat placed suspicious WATER_BUCKET @ world: x182, z-556
23:47 HalfLifeCat placed suspicious WATER_BUCKET @ world: x182, z-556
23:47 HalfLifeCat placed suspicious WATER_BUCKET @ world: x182, z-556
23:48 GeneralZappy: take wheat
23:48 GeneralZappy: and go above
23:48 HalfLifeCat : oke
23:49 HalfLifeCat : leggy
23:49 HalfLifeCat : omg a baby
23:49 HalfLifeCat : you are killling
23:49 GeneralZappy: ik
23:50 HalfLifeCat : dam
23:50 HalfLifeCat : i have lava bucket
23:50 HalfLifeCat placed suspicious LAVA_BUCKET @ world: x202, z-532
23:50 HalfLifeCat placed suspicious LAVA_BUCKET @ world: x202, z-535
23:50 HalfLifeCat : hi uwu
23:51 HalfLifeCat placed suspicious LAVA_BUCKET @ world: x179, z-556
23:51 HalfLifeCat placed suspicious LAVA_BUCKET @ world: x180, z-554
23:51 GeneralZappy: put
23:51 GeneralZappy: in disp
23:51 HalfLifeCat : done
23:51 HalfLifeCat : take stone
23:52 GeneralZappy: stairs need
23:54 GeneralZappy: ah
23:54 HalfLifeCat : moo
23:54 HalfLifeCat : mooh
23:54 GeneralZappy: a mistake happened
23:54 HalfLifeCat placed suspicious WATER_BUCKET @ world: x185, z-558
23:55 HalfLifeCat : milk
23:55 GeneralZappy: dudu piyenge
23:55 GeneralZappy: blud
23:55 GeneralZappy: take these cows
23:55 GeneralZappy: or wait
23:55 GeneralZappy: leme put them
23:56 GeneralZappy: bring them up
23:56 GeneralZappy: give fenc x4
23:56 GeneralZappy: fence
23:56 HalfLifeCat : leg
23:56 GeneralZappy: fence toh deo
23:57 HalfLifeCat : oke
23:57 HalfLifeCat : come down
23:57 HalfLifeCat : fence here
23:57 HalfLifeCat placed suspicious WATER_BUCKET @ world: x172, z-555
23:58 GeneralZappy: fence
23:58 HalfLifeCat : fence
